4	719	1922	4476	1551	
3	9256	9954	5573	
4	7270	6321	4420	8009	
3	1178	8071	2951	
3	5137	7804	5985	
3	4679	1192	7015	
5	6403	4011	7609	362	6099	
6	1105	9763	3296	5815	31	3046	
4	563	1399	5478	1763	
4	3578	310	807	2913	
5	1560	1269	8370	3341	7482	
4	3629	2074	1626	7522	
6	8758	4507	1016	4770	8468	1032	
6	4839	892	6589	8841	2836	4323	
4	6039	8088	5444	9048	
7	3580	7229	3891	3904	6813	6349	3114	
5	3090	8290	1970	3735	641	
5	7429	8274	9082	532	9380	
6	4758	817	7337	8819	4548	4374	
6	606	6110	6985	5004	788	5859	
5	9409	7372	8413	5807	6405	
6	1757	7451	7933	7995	9650	2622	
4	5440	8792	3230	6090	
4	9084	7224	6515	4417	
8	2519	6843	457	4639	1411	5281	7813	948	
5	474	9996	8412	9530	1376	
7	2247	6150	6710	9000	2572	932	9558	
4	9514	4648	6066	1022	
7	2061	7379	313	5380	4438	3898	6838	
5	8184	3760	9366	7031	8233	
4	6815	4635	9928	218	
6	4525	2838	3502	6726	5081	5464	
4	9449	1629	3288	6812	
5	8708	9255	6243	8052	2855	
8	2883	4164	8546	7149	6499	6101	9021	9585	
5	519	7129	6251	5886	492	
4	7005	6200	1844	6960	
6	423	1651	595	3242	8734	8757	
5	7862	3936	1818	5255	183	
7	6670	3655	267	4559	8115	1501	8975	
5	8878	2546	3272	4932	1137	
5	3055	6607	212	9824	2430	
7	2735	3025	7180	4613	9767	6094	8241	
6	8310	8203	9505	1836	1377	512	
6	4742	8209	3051	9810	5594	1694	
6	3549	109	2731	4651	6899	7419	
5	6831	4048	9167	8837	2971	
5	9913	2933	6988	8249	4843	
5	7499	2123	2217	3973	1018	
5	1315	7198	8421	5979	835	
7	303	477	3334	5344	8344	9921	6570	
5	2920	2928	2667	8599	2448	
5	4435	3294	6454	9515	773	
6	677	9347	7690	9229	904	722	
4	7913	6184	5634	9603	
6	5018	8020	4409	1320	2131	3080	
6	8640	1002	7122	2851	8119	5181	
5	3147	6319	80	9525	3013	
6	6381	4873	2031	9322	4321	6917	
5	5235	8158	4629	4469	9377	
6	5860	8713	7344	9548	1356	5101	
6	7965	1838	3602	350	8135	9200	
3	3708	5983	7362	
4	6912	7940	2569	8319	
5	7936	3432	7233	7042	2895	
5	7861	7846	1143	5513	4005	
6	4008	9452	4990	1670	3343	9809	
4	2015	1871	7992	9906	
5	5497	3236	7382	5067	2264	
4	568	6735	4528	4325	
6	7401	2026	1365	2710	4604	6676	
4	837	5562	8553	301	
6	7956	3640	6024	1035	1202	884	
6	4307	4233	6832	2615	7391	8763	
6	1900	3575	8937	7298	3705	3389	
5	5649	2977	6545	2593	4554	
6	2316	8699	7663	4472	4527	857	
5	8292	8979	6744	5969	8441	
4	4644	4773	4874	8130	
5	3156	2963	2171	4949	1971	
5	6466	1512	7446	1297	9693	
6	372	3490	9754	3297	5891	8539	
6	9752	1773	9202	6006	6709	5340	
6	2571	1637	2982	866	9519	3286	
6	4071	3579	9464	2907	8833	2554	
6	622	513	5409	6854	6112	8234	
4	6198	1030	1555	9360	
5	666	8843	5496	8948	1262	
6	5324	6139	2399	3372	9662	7731	
8	1209	6269	4455	3453	8864	1775	8067	7651	
5	1563	5070	2236	4759	8712	
6	273	7230	7884	3808	1813	6395	
5	6031	9159	7897	1118	5163	
5	9847	8783	8614	7091	9914	
6	7952	6304	952	8330	5226	2718	
6	9003	2324	3050	8895	5639	6583	
3	7346	684	3870	
7	88	7287	849	1568	9718	2100	7491	
6	8518	2641	9182	3221	4142	9337	
7	7070	1784	1959	9138	5210	3283	6940	
7	5335	7911	3160	7411	9293	7834	4393	
6	5970	219	3396	6659	4030	7789	
5	1803	7498	9572	1961	9837	
6	1273	1984	1835	4515	6471	1083	
6	4377	6849	4405	6898	9063	527	
5	3442	3849	6274	2177	6834	
6	1867	8262	2323	2715	3720	2055	
5	9550	6156	6020	6092	3268	
6	9707	2357	5576	8129	602	8132	
5	2432	3276	2181	3491	6190	
5	7109	6399	7672	5597	2013	
6	7399	9469	7778	693	3056	8874	
6	222	3459	46	7130	1280	6837	
7	7957	2536	6503	9659	2476	770	6082	
5	2695	1113	3468	9049	9910	
5	6412	2711	2184	5762	8147	
5	9675	7891	4836	3225	7760	
6	4829	3906	9379	3563	3719	8641	
5	7928	5572	2173	923	8730	
4	84	7319	8253	9803	
5	1874	1947	9828	3014	7839	
5	9799	2422	2480	4818	8824	
7	5086	8484	6409	388	8294	8982	2532	
6	1305	7114	6764	5154	4401	2766	
7	2465	3239	3976	6222	4314	2860	412	
7	2720	4583	9064	6821	2744	437	5551	
7	769	2942	984	196	4492	5931	3621	
6	6252	3773	137	1770	8139	5342	
4	3608	1067	712	8341	
6	3371	6558	2937	216	1390	2349	
7	6689	8840	2784	7534	2478	7947	8628	
6	1515	8447	8493	6509	8849	323	
4	6952	4070	8047	8231	
6	8578	3972	7794	1229	8433	9124	
6	3817	8213	565	4105	7264	5315	
5	4637	7406	5782	3861	2758	
8	1776	3149	19	3200	9911	4727	2656	7618	
6	9325	4414	4953	3547	9076	8865	
4	5192	8435	1443	6143	
5	311	5824	1780	2998	5974	
5	7475	3333	3632	174	4916	
5	8711	2527	5475	1021	771	
5	48	3249	2288	2053	1545	
8	9976	1170	4830	6647	6596	7500	7424	4156	
7	9888	7156	9804	4147	3481	9714	9408	
4	8559	5295	7909	1114	
6	6916	1492	2896	6910	9520	3271	
7	3607	2828	8715	572	776	2342	424	
4	3362	5484	4967	8162	
5	7347	8793	581	3303	5718	
6	961	8629	7282	9674	2583	6278	
5	6807	6786	5382	4793	2887	
4	499	1416	89	3224	
6	2356	8323	9737	9848	4516	7095	
5	4467	384	733	3238	9203	
7	6695	8055	5601	5880	4817	1088	3040	
4	5716	3017	636	2709	
7	187	8630	435	2954	3686	7437	6397	
7	5445	2589	7876	1431	9903	3848	638	
3	1778	1037	766	
7	4078	1735	1852	1181	5919	5549	7421	
6	8329	5744	6076	9038	9713	5174	
4	7779	4997	3280	4547	
7	6277	8787	47	1098	1882	5207	4860	
5	1040	5858	1	9723	820	
6	6783	9935	5503	8304	2669	7784	
3	4717	8422	7025	
7	3988	8566	9180	2359	2088	1204	1389	
5	873	8534	1058	8697	5767	
5	3291	4772	1789	9917	9831	
5	4214	3475	17	4231	7885	
5	3696	1755	9593	346	8389	
6	4618	2424	8766	5292	1265	6314	
4	7355	3300	7214	7818	
4	580	6547	2445	8402	
6	4601	6502	266	9843	4530	8770	
7	3167	8149	5816	2548	8704	3298	7914	
7	6263	8179	4080	3085	6720	6441	7969	
7	9313	1992	4170	1152	8512	5653	9952	
6	6961	2143	3181	456	4691	8005	
6	3253	3596	1628	5134	9107	863	
6	6002	9020	9543	8407	8972	1184	
7	1005	271	4356	6129	4022	6286	9778	
6	2297	9806	2882	3455	5448	3143	
7	713	4586	1206	7275	7930	9169	2803	
6	5717	7612	8795	8992	2502	9413	
6	4788	2717	6484	6320	9367	6464	
5	7108	872	2481	7600	9093	
5	5299	8342	789	5371	1956	
6	8731	3245	6327	3624	2974	2964	
6	9411	6208	4065	6793	3852	7161	
4	9393	3918	9171	8000	
7	2009	2166	233	9553	9601	1663	344	
4	9670	211	180	8727	
6	2559	4208	3739	1061	8340	3360	
6	6663	2603	3833	8782	4483	1159	
7	3855	739	3807	5909	1682	2759	3392	
5	920	3138	7916	6511	1226	
6	5693	1228	6856	8516	8333	8050	
6	4143	8021	475	894	6936	8113	
6	3103	6804	4347	198	1014	8287	
5	9305	1879	4666	5059	2939	
4	1208	4136	6153	4060	
6	5424	3197	9487	6333	8317	3336	
6	1353	5890	5550	2816	6665	1715	
6	9679	6418	9633	3752	2620	3709	
6	2135	5343	6669	2368	1344	1000	
6	1543	2296	596	4358	5190	2203	
6	9979	1524	9151	1806	5688	8144	
7	9216	9974	5307	578	7962	2065	8418	
7	157	9274	2981	4068	6827	898	3214	
6	3281	8277	7535	8264	2515	2248	
5	297	6951	5250	8994	7410	
4	1866	1186	2486	1140	
4	4687	5006	5962	1284	
6	6706	5808	6119	6325	108	6429	
6	268	3104	3993	3072	746	4392	
6	1888	3067	7682	2740	7634	2360	
6	3030	1100	6244	4012	9904	1048	
5	3457	2425	6306	5965	2664	
3	3193	8196	9699	
6	1138	9166	8915	8659	8472	8872	
5	2576	5654	9199	4557	6753	
5	368	4366	7699	3797	8517	
7	4309	1528	4959	7840	9231	9005	6117	
6	1097	8271	1421	1349	7354	4778	
2	3614	7458	
6	24	5818	9375	7510	9223	9994	
5	3471	8774	9070	4439	6644	
6	6724	7704	3583	816	5038	5225	
4	4379	4260	8605	5790	
6	7040	3257	5621	2121	3000	4700	
5	9349	4523	2003	7165	4524	
7	8175	6649	9691	6893	8549	4174	7292	
6	741	502	6106	8805	5296	2219	
8	1066	1833	1013	5158	6391	4146	9569	8479	
3	1227	9186	4736	
6	8703	7398	5267	9152	7343	6448	
5	6822	1794	7085	7773	7678	
7	4894	4984	6265	4236	3523	1015	9621	
6	9563	5245	3426	8911	2450	983	
6	4494	1605	6293	576	7023	9886	
3	9733	7613	3367	
6	9283	8848	4615	5929	9756	5141	
4	364	6463	8929	6974	
4	9251	6372	6348	3757	
5	8773	6645	7259	1671	9608	
5	8950	3826	6967	7250	7655	
3	1529	3794	8524	
5	6456	8448	7383	8632	2004	
7	3869	9698	9874	2948	2162	4451	1517	
5	6745	4973	5502	9746	4741	
7	7463	9187	1674	3778	589	9642	4014	
5	7799	4761	799	5742	4118	
5	3527	8445	3447	1354	8125	
4	5332	2346	1610	3911	
7	4058	7293	1326	5021	5738	2211	9173	
4	2278	8348	2099	9359	
6	6633	9495	7759	7090	7071	7671	
7	7877	1267	8245	688	1615	4390	5733	
7	3555	5218	8224	7816	6996	7801	2459	
5	4520	2308	1821	822	9442	
7	734	1860	506	3751	6142	5322	4496	
5	8965	6430	545	4197	8811	
6	5300	3008	9631	3507	7621	4941	
8	549	5769	6404	601	6999	6432	1427	9798	
6	5402	7102	4449	1432	8397	3328	
4	6361	6473	7972	5578	
6	9140	8557	9109	8111	5518	3900	
6	3743	2566	5914	7650	8197	3113	
6	5381	2523	5088	3613	5669	5467	
6	700	113	1997	724	5745	3837	
2	4411	1027	
3	7575	8788	4381	
3	6879	7147	3611	
6	8728	9191	9564	7871	6032	1253	
6	2020	6877	4957	8017	418	44	
6	6541	4223	9232	5479	4242	8199	
5	7119	7792	458	4191	9740	
7	2949	9523	4885	9951	5537	6435	8444	
5	585	206	8953	628	6920	
6	61	5954	3227	7377	6993	414	
7	8477	554	6192	7941	4218	438	1477	
4	2751	71	4811	8970	
7	2917	4056	3068	949	9295	2833	6452	
2	2212	9418	
2	9925	3824	
3	7684	2005	2169	
7	957	2079	846	5465	6600	7376	4280	
5	7810	7193	9043	5836	3053	
6	1993	7428	422	537	4669	1656	
5	9207	4502	7857	9578	7235	
4	1146	4500	5811	4929	
5	6694	7574	4426	1190	4925	
3	8192	7506	8297	
6	5304	8462	4907	7295	6911	2408	
6	4094	375	4877	7097	5968	5441	
3	3729	7432	3111	
2	7444	8571	
6	5161	9282	908	4832	1007	3408	
4	1319	2413	7626	3154	
3	7284	3125	811	
6	4346	6493	6356	2859	8325	2489	
3	9252	7990	4351	
6	4948	5358	2209	487	5813	4192	
7	4059	3692	481	1872	1706	2516	1738	
5	1883	5732	7903	25	4868	
5	8029	3199	5386	5546	5637	
5	9864	3116	9397	3324	5471	
6	2869	6199	3433	5284	5254	1930	
6	8520	9985	856	5417	4763	5821	
6	8204	4084	9392	2461	8096	6897	
6	9581	328	1294	2756	792	5774	
7	4150	7687	1010	7239	5472	3804	5436	
5	4882	720	3691	2469	6016	
8	117	5885	3697	5025	3429	2485	3612	1839	
5	6160	409	1539	4640	1559	
6	2941	2899	2916	7659	8592	4801	
6	2774	6128	1695	9092	5140	3503	
3	1246	9058	4777	
6	1664	2748	8194	7483	165	9700	
3	9249	1987	7533	
5	3168	3263	6178	9522	1901	
7	3307	6780	8157	4828	7330	7670	9915	
3	5227	1023	3827	
7	9619	3693	661	7503	8215	6384	8688	
7	7929	3546	332	7988	7137	9609	5318	
7	8406	9544	7152	4857	7556	1495	3700	
5	5406	1090	9579	9868	4138	
3	1785	3923	3641	
3	2866	5960	8943	
6	6529	8419	5670	2510	2376	5504	
3	8719	760	6736	
6	4842	9473	6023	8958	7664	8429	
6	2429	168	7654	3774	9371	2779	
6	3381	1949	1709	5326	5737	2202	
5	5027	3375	6223	1556	3466	
7	672	8962	8302	9557	2935	3309	2644	
5	3410	3544	6684	4436	6524	
3	6377	6591	1156	
7	55	696	6450	9652	5098	9453	3448	
7	7318	1689	7686	6114	4746	4015	2017	
6	9901	245	1676	6235	3246	6080	
6	583	9246	8035	9541	3638	360	
3	5553	644	5641	
2	8303	5975	
5	6044	2132	852	7242	9532	
6	1194	8978	2781	2561	3131	3177	
4	1381	9686	9309	2672	
4	394	2783	943	6737	
6	3564	400	9209	7405	669	8443	
3	4588	452	2419	
5	768	7993	6610	6521	4921	
7	1335	4090	5237	7732	5734	7359	9533	
6	8102	9406	5663	6379	4081	7115	
5	6654	3842	9225	5127	2320	
4	9019	1713	3438	8201	
5	3358	23	2812	1751	8906	
3	9346	1991	8866	
6	6424	2642	867	8753	5294	2205	
7	5934	5598	3196	3537	3699	8235	4795	
7	5868	4066	9768	2654	3767	1274	8813	
3	7116	4301	1998	
5	5881	8207	5809	8776	7656	
6	6115	2233	4228	5074	4501	1999	
3	3086	1285	8374	
3	4838	4812	648	
3	7453	784	3559	
7	4495	3148	6058	2630	9148	3791	6163	
5	658	2333	6857	1379	371	
7	445	5034	6580	674	9253	7742	7375	
3	9044	7053	9117	
6	6901	1978	2788	7662	3088	4969	
6	489	9087	2797	6995	2186	2762	
5	4855	2313	3188	7809	3207	
7	8509	8426	2464	4353	3748	1439	1704	
6	7711	6155	2385	8680	8648	1095	
3	5359	9272	240	
3	4317	8722	5616	
3	7075	5883	377	
4	7640	3329	4329	5128	
4	2412	3161	8999	994	
7	541	6485	1830	7037	4567	4837	8311	
7	2944	2915	7643	1842	2811	1115	7599	
2	7464	5780	
5	8086	4285	7194	1546	8596	
3	3409	8968	6018	
5	4352	9071	9039	6635	7310	
4	9291	780	2265	1827	
7	1447	9105	8996	2796	5357	9821	6109	
6	7561	1407	7668	6064	9094	7046	
3	2541	4418	1259	
5	1973	8306	4712	3633	3001	
6	2531	9286	7712	7767	2152	6308	
4	6794	35	7061	4646	
4	9483	6571	9335	4429	
4	4006	5346	2337	714	
5	8586	4355	6755	8636	6276	
4	6238	9999	8879	3021	
6	4098	5698	531	1604	5248	8211	
