4	167	64	73	280	
2	0	242	
5	180	200	232	61	264	
4	216	203	82	78	
4	168	193	83	84	
4	296	277	16	169	
3	184	188	71	
3	99	207	196	
2	85	231	
4	87	102	81	46	
4	33	91	222	155	
4	54	150	170	31	
3	36	174	126	
5	234	276	185	93	49	
3	65	284	272	
4	221	113	269	30	
4	249	213	114	257	
3	212	90	9	
3	275	214	104	
3	116	129	43	
3	299	29	262	
4	259	202	42	141	
4	75	244	177	297	
3	80	11	143	
2	134	265	
4	88	187	190	178	
3	164	44	288	
3	108	146	279	
4	41	159	241	165	
3	133	197	123	
4	34	110	10	182	
5	179	290	271	248	175	
3	8	27	206	
3	294	79	256	
4	148	89	147	97	
3	263	254	252	
3	246	195	151	
4	218	217	109	142	
4	95	158	291	153	
3	18	28	292	
3	58	5	52	
4	4	38	138	173	
4	198	268	98	278	
3	72	166	35	
2	261	45	
3	162	119	59	
3	225	204	55	
3	62	172	229	
2	210	181	
3	285	70	183	
2	260	199	
2	156	67	
3	286	201	115	
3	220	236	228	
4	15	282	76	77	
3	103	24	112	
3	92	68	2	
2	63	66	
3	273	237	250	
3	136	25	17	
2	267	120	
2	32	289	
3	7	245	51	
3	127	298	215	
2	239	135	
3	105	101	47	
2	122	270	
2	161	12	
3	227	86	223	
3	57	140	69	
2	56	106	
2	163	266	
3	19	6	247	
3	281	48	192	
2	117	233	
3	125	3	94	
3	137	191	20	
2	157	189	
3	226	124	130	
3	21	253	251	
2	224	145	
3	121	22	208	
3	107	258	37	
4	13	209	139	132	
2	23	238	
3	53	160	100	
2	111	211	
3	14	118	240	
3	50	283	255	
2	39	293	
2	144	219	
2	243	176	
2	171	152	
3	230	295	194	
3	40	131	149	
3	60	128	154	
2	287	274	
2	74	205	
2	26	1	
3	96	235	186	
