49	9435	731	7891	2064	8659	3148	3710	2733	7098	7035	9135	8756	5157	7828	7013	7208	7076	8952	2826	6577	7460	2991	363	6402	1280	7126	7179	9289	350	2883	267	7823	270	7672	9464	3242	2576	6314	3364	6387	667	2926	3618	2858	4566	3439	3282	9539	6212	
54	5670	3132	7319	7600	8546	8103	5834	5679	431	7995	1356	6455	7653	2924	5412	9571	2524	7571	8026	2029	606	8099	4630	2585	3667	5184	2314	1089	9351	1808	5608	3901	1294	7822	7063	3769	5590	2873	4810	718	4888	5493	7485	4722	4777	7866	6730	402	5259	1853	2540	7190	4692	6887	
49	8526	786	8241	8473	4198	7366	9148	2611	2404	3562	4820	8448	8537	9183	8564	7675	7538	8774	8375	4115	4309	7111	7038	1690	9541	4952	2888	7347	8510	3733	3745	8963	82	3306	3704	6285	2985	8789	1815	7139	1999	9584	6406	15	8360	3325	2132	2718	822	
46	8727	9586	3581	334	4625	9957	8671	5037	4675	6081	6830	422	1975	2776	48	5829	3100	6393	413	4078	5942	7151	8969	3860	1129	8201	4522	5132	3982	2355	6043	280	4991	8167	5985	6966	615	6023	4641	6353	3949	2150	4804	5254	491	222	
51	9727	8394	2737	4690	5258	7292	2647	3451	1768	2207	4914	8997	8845	3807	6138	9339	4043	5576	3755	5511	2688	6135	7195	6290	7039	3094	5754	6383	282	4620	5321	6893	5471	8577	1195	6199	1017	7129	1547	4212	4405	6841	8385	1413	7051	6323	6447	2770	675	856	3670	
47	4842	5629	5533	668	6142	4287	6073	8788	5202	9969	6582	3787	7235	3878	3436	9941	1987	1304	8491	6691	7517	5339	2900	8098	4215	9366	3060	246	2252	2118	1693	2256	7693	7057	2004	9029	8052	3921	9150	6574	6348	5249	5998	4827	8528	3953	4745	
58	714	1581	2100	9834	3267	5876	179	4637	4816	4375	2198	849	120	5924	755	462	7650	4189	7592	4824	657	5071	9550	3023	831	5363	7165	9676	5405	5958	403	3164	4035	3213	1063	2128	4144	8724	8919	2299	1515	1946	8625	8029	6697	5464	5276	6510	5758	899	7527	1524	8957	33	8149	3524	7688	7623	
55	4767	6987	7556	2577	2457	9836	2094	5921	5491	1640	7231	5783	6448	4108	9599	7267	3928	6719	9808	6634	8722	2338	1806	6241	8643	5241	3874	2971	2948	6407	1033	5504	2753	3272	4977	5683	7826	7947	2696	1071	5359	3565	6550	7774	3110	8656	1535	6732	2846	1653	476	3250	4353	1758	2573	
45	696	1982	4584	9329	8733	9600	3463	7107	3720	4263	6499	2506	9888	1522	9638	8803	7979	3778	7827	9674	3729	6308	9125	4171	4032	3961	7534	4169	1459	1170	6473	536	6190	7163	4388	6862	6941	7044	4282	2624	9077	6948	1205	2981	7838	
45	4585	4839	3872	3225	1156	6578	5291	6025	3559	2377	1211	6749	7821	7494	1079	8935	1668	4416	1427	2173	2249	3848	1966	7106	2372	2822	162	6947	784	570	9154	8454	2056	7465	5030	4504	2225	4274	7841	8188	7964	3896	241	3352	1115	
55	2836	1	4731	5233	8500	1903	7715	4915	8281	1130	9170	7796	9188	8581	2549	4060	6753	3234	639	3486	3688	7800	9478	2135	4288	3385	6048	4868	3609	4314	3723	8207	148	6857	3585	121	3620	1117	2214	9045	7144	6609	1845	5280	5827	6812	3365	1234	3783	2927	369	7819	4186	4557	9070	
50	2155	2153	8620	7622	8096	2441	853	446	9716	9581	688	8642	4507	4544	4571	1710	2123	6112	298	1112	996	2709	1528	5455	7757	9837	7087	9933	7526	4264	9057	4623	327	8970	5235	2711	7840	4639	167	1896	4520	9720	9028	8886	2580	3446	5959	2013	988	1703	
52	7902	7670	6047	8658	7990	9845	4626	6879	3754	3318	2779	3521	7104	6328	4809	7810	2023	3732	1959	3639	8613	2687	3789	5586	2889	5009	585	7811	7405	3065	6093	6776	5463	5149	6193	7301	3317	2529	6301	2241	108	8033	7783	7304	5677	9387	379	4073	3047	6655	2006	6809	
49	2533	1940	2863	5769	6250	331	534	1561	827	593	6108	8163	651	1318	7354	2143	8458	8475	9248	7724	9825	2771	6891	2073	8646	3287	4396	4182	1326	943	544	6291	95	1572	8829	9056	6973	2417	5941	5189	4205	2608	7138	2245	4847	9382	6624	2348	4302	
55	5026	3319	7240	5534	8697	7223	2428	980	3891	6242	2715	3103	7917	1731	6729	5343	8355	5797	5214	2755	1328	8883	8202	8417	4304	9557	1045	8840	8474	7890	1199	2262	1830	7391	4208	5901	9851	2916	4828	2358	5831	3432	1310	6938	7327	2898	5406	8019	4269	660	6268	9728	9343	9120	3679	
50	4465	3658	2824	7130	4203	9659	3384	4319	4256	1123	4138	1016	2133	8222	8636	2959	8249	3522	6976	2058	713	3411	2116	8416	1868	4586	7435	3133	4072	2675	1910	3751	6619	106	239	8552	737	5634	1764	7575	2186	1462	4538	9090	8110	7772	8179	468	5707	1056	
57	6261	7419	1816	1684	4039	5509	1650	2543	9263	9124	6752	5400	8134	2121	1029	7433	1857	8694	2275	9694	9540	6401	8234	5185	1736	8603	3830	4011	7786	937	8903	4025	9036	137	5159	1001	6584	748	1178	2399	5079	9508	5611	5994	3059	5296	962	7944	3329	2053	8405	9602	434	3105	4903	4361	8016	
47	1219	4651	9956	9001	8812	1022	977	9200	3437	8602	1478	3669	7189	7361	4648	8453	9449	7020	9542	5548	2446	3041	8551	8621	6311	2354	838	9710	6449	7781	3055	9467	9209	490	6852	6286	691	4487	645	6808	9462	1024	7700	8004	36	2236	8466	
49	6898	6759	7963	6255	5179	5553	9532	5467	7133	2242	8647	8831	5506	7953	7303	8777	6924	782	2997	5119	5619	8113	8208	5578	3268	6474	1245	4679	5086	5352	5953	4858	9078	8411	1392	6035	5640	7632	2070	6305	408	4969	3847	5165	9924	8136	3666	6513	7069	
49	3162	1734	9995	6281	7658	2589	6653	3656	2231	4276	2849	1533	3727	4031	1870	4866	4251	3127	7047	6417	3551	4802	396	4090	5973	4622	992	7448	2781	6495	1937	1382	2096	1899	1355	164	1216	9777	4878	1127	56	9278	1907	569	8663	2913	3400	2251	8996	
57	9615	6119	3102	6738	2980	103	6521	235	5547	661	5226	4222	5141	5798	5251	6715	147	4100	3500	2083	8600	9722	8896	7128	6917	9473	658	3072	4223	5427	7053	9117	8031	2177	4996	6914	4748	9427	1412	9533	8802	3819	4114	7311	37	414	3929	2392	4505	6882	4142	100	275	2212	4841	4771	8000	
54	5034	7817	663	7178	8137	7437	480	8512	9714	5652	9903	881	5492	5669	1592	5396	1660	552	7026	8047	7072	4715	8689	636	9218	2793	4964	6867	3822	8899	3696	250	98	8813	5462	5045	2796	875	9393	4600	8247	7922	1279	8615	9762	7006	3415	7687	3354	3114	929	9394	2488	9675	
57	9829	4700	9632	6593	61	2099	8383	7911	3214	4301	9305	6488	4880	3421	2643	7743	9428	9667	2055	4127	1443	6610	4338	8082	6671	6946	6543	206	6021	683	9422	4423	6137	7696	4233	8591	6367	7456	2911	2204	1879	5454	2200	4046	6711	559	2292	3448	6133	1544	6055	3428	3447	5350	8980	8408	3430	
52	3196	1489	5411	2739	4774	1236	7280	9685	9022	4094	9050	6734	7068	8441	4894	7574	8271	5684	423	7127	65	9855	6570	2234	1455	7457	5169	3648	4770	6836	6675	5181	4569	9207	6169	9164	9153	9371	8783	4447	7373	1803	3996	6788	4071	4860	8064	5995	6079	4154	1859	5805	
50	4413	801	6220	5818	3048	7113	2000	2880	8283	2712	353	9794	8017	9411	8250	8378	7274	762	1904	5780	7528	533	9111	2359	1371	449	1867	5103	6530	2682	876	2730	6818	2644	6260	1013	4496	9900	8108	9618	3339	9745	1732	1301	7196	5507	6336	5643	5253	2697	
48	2518	8331	7760	366	3336	4347	2481	4297	1396	7375	5531	3031	8025	5270	2581	261	2180	3862	8086	6064	3347	1841	3602	6298	9624	4477	8484	7348	5324	2382	6580	5334	1673	5056	2291	9466	308	7145	312	7904	6258	2093	7395	328	3799	5725	9899	7710	
47	1379	8900	1873	1670	9308	3744	3333	7935	1317	4318	1824	8127	566	4242	9741	278	346	5421	7999	3568	2496	1467	7408	2631	1692	7617	5530	1032	8114	5232	1446	3296	2625	6916	7978	448	3676	9033	1785	6496	5980	1086	8865	1529	6773	1826	4742	
54	8324	2542	5236	553	472	1760	521	1424	7134	6257	7804	3184	9381	8555	8440	4982	5395	5927	2758	9380	4450	3027	4922	7853	8252	9144	7102	5687	2328	174	3950	2939	5177	8060	6428	9830	4874	1495	2588	4390	9680	504	9461	2782	8343	116	802	3999	4185	5977	823	9510	4499	2970	
52	8014	3093	3643	4022	5922	2444	7155	4248	821	5104	4937	9302	4613	568	7960	8350	502	6921	2122	4792	6101	6848	7270	3793	2586	34	936	1701	1185	126	7601	5123	4332	1011	4754	4250	9405	6435	2511	67	5478	3662	9517	6130	5793	5817	8456	9626	4799	8962	3726	8001	
51	8850	4122	3149	5763	8604	4965	3960	9161	1666	5856	5665	3586	6932	5982	436	9123	1461	2752	694	2969	9799	6226	2074	6184	6556	9788	7064	6929	5295	4107	9350	4962	7848	154	1337	8504	9189	8743	9576	7536	7875	1618	8701	2327	8160	589	9968	9334	3040	4385	2238	
44	8042	9665	9791	7281	8978	6755	7532	8502	3249	1680	3979	6045	1794	8882	9374	4948	9996	7913	8557	186	5974	6820	2896	5	7725	7933	8143	7295	2738	4533	6365	8948	3092	7752	9654	3024	9365	7986	2161	2322	3957	9240	8182	8306	
44	9502	9291	1798	6845	2191	5842	6771	9816	8487	3908	2131	367	3828	3201	4765	3407	6438	8787	1615	9989	1611	6143	8340	6728	3129	1508	2869	1776	8111	5283	8221	9407	7967	8339	4434	3600	3275	3379	1938	4512	3438	3276	4677	392	
52	572	2774	7583	6364	5527	8974	8979	7355	933	1441	4561	265	8592	9821	617	4424	2164	7261	8120	1989	43	3540	791	2453	7707	5714	3482	7683	6925	9088	5712	2607	9820	5749	8801	7402	7723	6233	5879	1068	5328	1094	3911	2932	7007	955	2228	684	9585	2659	5992	837	
48	2690	5062	2222	9795	3840	8538	6494	9693	8780	6386	8370	8129	6698	939	8449	733	5484	6424	5840	2649	8046	5201	7018	7734	771	2107	8781	6150	464	6309	7093	8126	5574	8443	5667	9663	4228	6950	9813	3417	2416	742	352	6692	198	3442	5572	9155	
48	906	101	7533	3490	6121	7202	9301	8862	9257	119	5407	4195	1439	4112	4418	1198	9456	1737	8138	305	8757	7326	89	7477	4372	4891	6164	7084	8531	1375	2192	8960	1639	4871	7974	7914	2326	7542	2471	3153	2787	5730	2514	3988	8561	9241	2345	4092	
49	6228	8691	7612	7268	7363	1555	5473	421	4747	8499	9369	1657	3566	6544	1754	2664	73	1477	7896	1106	1111	1265	5244	5938	8853	3536	8681	954	9787	7182	4617	3553	1173	3718	3484	5969	8294	8302	1963	637	1282	4058	7599	4350	4097	7074	3654	143	7428	
58	9607	4130	5694	3587	9842	862	4898	6762	2263	439	2976	4541	3956	64	9547	4327	5186	2283	139	4155	927	8861	6601	7729	8891	5716	887	6583	715	2431	3309	4986	3561	5738	5290	9074	3664	5784	8280	4087	7171	3599	4959	928	9653	4938	3948	4668	3449	8227	3245	1624	4179	1521	6937	4768	6109	8977	
48	3248	5300	130	2240	1096	8826	7245	384	5660	8579	8721	7264	4823	2415	7496	5330	2466	6790	8690	1021	2866	300	5275	9651	2306	4987	1917	6306	2583	6567	948	4817	6249	723	6106	2501	1532	4194	8193	8688	7307	2410	6766	9328	7730	3063	5753	2215	
50	8590	7132	5878	6695	7628	7010	525	7153	9983	7763	9963	2700	8987	5601	7310	9824	9871	1981	8229	8371	7565	1281	7131	5948	6657	9637	9003	6263	4951	5620	4262	6396	2838	6498	2798	9688	3993	2087	759	3831	5940	5848	7585	7412	3185	4501	5417	7988	2434	5785	
52	2049	994	6485	3477	5890	732	6075	3062	2211	1822	1434	211	7506	8823	4882	1809	9294	893	411	3538	5801	63	5887	4459	796	9513	1743	6895	6705	3186	7640	2309	8225	6092	6858	3254	3019	7242	6523	2088	5125	5358	6335	3454	4930	7404	5836	2597	2316	4676	3125	5074	
55	5193	6801	2261	3582	9336	1288	9859	2788	9923	1594	9282	7735	8809	6613	878	3543	7209	602	4490	9288	9734	815	5571	2618	1874	3994	5720	2067	5443	3736	4445	7444	4736	9119	8161	2859	3805	8150	9126	1122	5713	5916	9884	1757	4471	1025	3349	719	1109	1125	6099	9733	2370	9846	118	
52	6264	743	4760	5717	7227	5442	20	8116	3632	673	1813	6492	8220	3334	2978	1352	8155	8991	6097	4581	3624	8902	6076	1451	1221	4606	9485	4546	3076	5351	4371	5812	9474	5646	4162	6945	2439	7521	1090	6332	3868	5481	2990	3119	5175	9579	2333	2742	1786	3660	150	1519	
50	1586	2968	4640	4708	9646	8224	8887	6460	7037	1336	7668	6512	6843	9224	2165	6931	1052	8151	6240	8228	6877	9594	3087	232	7215	571	9010	5943	7253	3722	6702	7117	9357	481	1227	294	3489	7755	8081	5559	2445	4516	6789	2914	6839	2912	4580	2672	6615	1073	
47	9481	666	6337	4603	9256	3742	9914	5458	2794	7941	5558	6727	3221	9239	2253	6017	228	1126	3332	1114	8423	7236	5912	5010	2144	6273	1050	6519	6418	7509	4339	6701	2899	9927	8080	9747	6575	3809	5752	858	9583	5773	9643	4056	2599	8947	8426	
46	4393	5368	828	5696	8119	644	7154	6151	9108	8266	9187	2103	7883	1927	7864	3229	8773	3099	9307	740	5830	5844	8435	8342	1558	4167	1019	7708	9249	2479	3542	769	2825	192	8328	6415	3064	6340	7218	2402	1291	5069	6372	9847	6239	1444	
53	2411	2044	107	4474	3044	5374	5004	5564	6700	5929	3369	1894	6134	4495	5148	9890	7244	647	6998	5369	8912	6622	2893	641	2303	9880	6844	8274	7177	2600	4942	2230	2606	5862	9698	539	5414	6988	5194	3259	6547	2139	7514	2419	1993	778	9641	5089	4177	2120	2878	9707	7550	
47	6536	2680	3190	8477	4784	8094	9671	4083	728	8359	9442	3414	6174	697	9087	4876	5523	8672	8358	7478	2650	7611	1560	6940	5913	7607	6673	3462	9352	3343	498	9848	9833	8569	223	5483	1766	7463	6978	6520	1574	8682	9666	3465	5225	7801	2105	
47	5850	3429	2108	3527	1606	5658	3107	6699	338	7467	3207	6599	5765	3335	2561	5979	3752	3342	8329	1929	9043	4019	3232	9804	9886	7720	5508	1171	820	945	1695	7466	1575	5106	1735	416	6904	9828	7900	6683	2783	4153	4879	5949	5344	7954	5073	
50	3001	5002	5544	5869	8010	8529	5656	9940	958	1447	7382	8414	5353	6152	4909	9024	4140	6585	6604	1549	9415	1358	601	1770	6910	1290	6708	4602	1368	2051	8121	4618	1188	7158	7300	5006	8811	1952	2751	9079	8166	8560	5987	9902	5631	4299	6489	7915	5378	6838	
52	4118	1359	3324	7099	8605	565	6620	5855	5498	9776	4392	7167	8255	5999	6315	3191	4125	6900	2313	8863	9507	2027	904	7940	8154	1237	3668	6846	2032	6548	6213	8618	1048	168	1926	337	6442	3767	4017	2102	9080	4451	4150	6349	469	5377	8726	6860	5021	9691	1208	7299	
55	6057	3984	9482	8269	3577	8525	1416	9358	9201	5633	6394	6602	1801	6760	5596	8817	2152	1995	841	4440	5588	6837	4978	9990	6297	5644	2280	4258	8731	8125	5532	4936	4696	4008	2450	6074	8955	6469	9491	6824	9313	199	6750	8244	9361	9131	4657	8517	8639	518	9525	2009	4791	4854	2565	
46	9253	5639	859	3220	5423	4009	5298	8459	2724	1502	3253	3050	1110	1719	185	3427	1665	8130	1568	7420	7124	5603	8874	4077	5874	6024	6230	2208	14	3818	3708	2367	643	7096	2311	5555	2386	287	3222	8135	6805	6167	9391	8372	2998	3341	
54	6371	2966	7502	5518	9034	5228	5537	479	1784	6198	2015	2235	3534	5429	1839	9340	4503	8623	2475	4089	9383	2947	7770	1306	6077	78	2685	7002	6200	7961	1553	9054	3066	3829	9556	3636	8828	4028	2713	9937	7308	756	5288	8431	3954	1332	6825	6235	5502	581	1321	2021	8877	957	
48	1026	4806	6400	656	6252	700	2515	488	2002	387	8425	6751	310	9459	5252	9420	5362	2318	9245	8165	8644	1051	6173	4003	1343	9121	319	19	8897	9744	4506	8574	6361	1159	2528	4486	157	7604	5918	934	8483	1210	9771	8018	5520	1169	9852	583	
52	9897	1488	7451	2430	9838	4832	9032	7946	6743	7697	9801	1573	2723	7957	6339	9204	7529	9460	2731	8717	9184	2199	8808	8595	1751	7733	9004	8805	2621	1950	4551	8171	7005	1244	7970	4326	9650	6038	8619	5292	6381	8412	7109	1520	9492	5589	9493	9141	2266	4795	5430	5682	
43	3131	6091	1550	3154	272	5857	3820	233	1422	8566	4875	600	1909	3852	9465	7780	8008	3833	2363	8926	7515	7579	175	2857	8463	7489	5356	8589	7014	9089	347	8107	3080	5614	160	9939	7906	3091	190	473	7317	1512	8680	
55	9300	5513	4290	2248	4591	2958	8075	4436	7613	4473	6587	9496	2955	8909	1418	5591	4383	9099	1688	7523	1136	7753	2371	2915	374	2591	8189	3391	6275	1316	9454	4590	6783	9220	2030	8921	1787	3015	4497	7833	9998	6374	6980	725	677	9105	8940	2206	9725	6070	6343	4685	3810	8038	9630	
47	134	8541	7609	1231	4270	7011	7372	5466	795	215	8403	330	6123	5986	9068	2324	8089	9227	2129	7943	5028	6659	9959	6232	5105	4422	1627	4707	458	8866	1458	4172	1603	4773	1676	720	3012	2677	4184	3406	55	7207	9992	520	4070	4550	8843	
58	386	5438	6952	9031	6321	4132	4395	4328	1312	8102	4601	3303	3734	2071	5289	6975	8437	5113	1882	3161	662	1580	2545	8889	2632	424	7234	6942	2908	5952	7680	9984	2666	9271	3880	9786	2422	9627	6754	4157	8893	110	4578	6912	5143	5581	5925	5939	2987	24	226	2786	1722	3635	8610	213	1347	1270	
50	8187	2992	8961	4751	7340	2227	3498	7440	2117	6380	368	4446	3686	6129	3328	3757	209	4919	9770	5294	8629	7929	2407	9878	596	8147	3338	5072	5200	6031	8938	432	5268	9175	9928	654	3661	9409	6525	9636	4075	8362	707	3089	8186	6981	3864	9275	7454	9806	
46	7204	2884	1027	4911	5133	2950	5158	2185	5469	7998	9325	1348	6999	674	7775	2260	6186	5947	7847	3612	4271	592	3460	635	5970	9907	7767	1456	6815	7172	8910	1417	9430	1049	942	7507	3255	8289	2877	9942	9062	2919	1687	5222	6662	4756	
51	6972	6251	7251	276	8716	8666	8432	6598	4808	1951	9793	1152	4149	924	4521	9375	8704	3246	9130	3350	2031	5774	6982	1591	5082	2818	7040	9143	1912	5837	6010	4509	4391	5005	4449	3376	884	2456	8752	6344	1637	1176	2312	7472	9433	6338	9746	1197	1323	1154	5182	
44	1466	99	578	8852	6378	4380	1105	6795	7041	6293	6071	4062	111	9096	6804	7324	514	995	2146	523	2175	1065	303	680	463	6080	4344	2850	817	4666	1527	542	4435	8204	8765	2897	2827	2891	2443	8304	2633	1656	7596	4634	
53	3396	3554	1093	9952	5728	4895	7263	3887	6713	1576	4518	3702	41	8686	7948	5357	655	4899	2369	5000	112	3351	3241	7553	2352	638	2750	6444	313	5813	6296	9403	4235	8292	8115	7779	5409	5962	6346	6011	5340	3613	3033	9101	6278	4576	3346	2868	8226	4370	8934	3177	5461	
48	2258	866	3795	9452	5293	861	1020	406	9640	3506	8754	4432	1397	560	2090	7176	455	5905	4196	1404	9421	4225	3719	9165	2931	8820	6497	543	293	7015	230	3899	4139	6032	9870	8276	1043	2984	3838	6571	9322	646	4373	2460	9136	1381	5795	2708	
49	926	3765	4202	4691	6185	5319	6735	8536	3399	4124	8914	2172	8061	419	790	1319	8575	4230	9002	852	4940	624	2343	2408	9628	9561	6478	5529	184	8967	1563	6787	7414	8594	2811	1132	9605	2033	9483	1916	4351	7539	6409	7881	7884	4704	672	5595	3231	
54	4850	5915	290	1821	9657	950	7388	2817	5896	193	3934	6823	2057	2570	8407	2917	5650	6111	1935	3806	5022	6892	8284	8624	1194	7606	5666	7071	8352	2961	4611	7850	4065	8505	5678	176	7148	5762	140	8296	1400	1118	7359	3770	9304	5130	511	4861	6586	4864	1850	3798	2376	6561	
48	8039	1682	2	3645	6522	8238	2484	8767	5609	2470	7135	4981	62	2653	3895	981	3002	6509	2226	8199	1590	4840	912	8945	7726	7345	7067	3372	8196	8524	7727	9014	1480	6114	5496	8816	5318	9486	5582	9264	2005	689	6962	3969	3685	2790	503	8497	
48	7297	5078	608	4260	584	6299	787	908	9457	1953	4766	4266	9221	1075	9484	2510	870	1911	7750	5599	9700	4268	8344	7321	9270	5448	1569	1334	987	2629	9994	1531	4664	9781	8699	6875	8117	9160	6984	4321	8837	7815	9601	4701	6534	5693	4145	1303	
50	4635	1283	5272	8074	4406	3518	8725	6423	2614	4041	6295	3855	701	2531	7486	5364	8326	6716	9468	9463	7560	3069	1479	6907	5961	9401	4354	5632	7249	4101	6141	6274	6997	1273	4830	2016	9895	1851	1107	6201	3032	6034	9015	3278	2928	5672	2409	6758	1691	931	
48	3098	4342	3741	9103	5828	5025	203	2483	5726	3715	3252	7655	229	6334	7083	6761	5215	3980	1113	9684	895	3310	5393	5864	4109	1792	8797	8573	4703	1791	1108	6177	9798	8419	8844	4574	9642	6638	1793	6271	4165	7972	415	253	3546	260	8457	7136	
41	5440	7931	7937	1172	1655	4688	8513	4897	2197	9000	2349	3299	5739	6861	4298	6621	7771	6277	1753	7945	8683	806	7380	4883	4511	4714	7678	3168	9344	2213	4877	9633	8645	4629	8568	4831	6500	3039	7294	1500	9133	
41	6630	5968	8048	4970	5246	1738	1607	4160	7386	9861	9128	7140	1599	6502	7722	6425	3404	2442	3058	6180	7635	7711	4426	4661	9948	2925	5444	5568	8106	3176	3183	8626	7401	2938	3053	2729	7452	5007	7070	2864	1398	
54	7830	4995	1258	5826	2940	1133	1711	5736	1526	5971	5048	5512	7551	3904	6214	4362	4218	2182	1212	3817	1372	7205	5223	6310	4687	1967	4076	8959	1742	6553	5579	247	2821	114	151	4317	8361	3305	8354	7091	5480	997	4524	6211	7679	4836	7837	776	3202	2176	9223	4992	6187	1883	
53	7813	1610	5088	8072	277	5015	2855	7120	1276	1207	2061	5997	6126	7739	3930	8523	8318	8132	2184	7816	1667	1262	5583	144	7185	9348	6104	8983	9277	9785	7108	6446	2720	9312	8393	7052	9246	218	1602	8278	2025	7298	5418	8323	6666	8558	9235	5404	4579	8710	5799	4419	4636	
45	399	9548	5465	5375	2050	3210	8584	9005	1284	4939	7794	3625	7088	6524	3260	4913	9167	7716	1257	3567	613	6704	681	284	2761	2967	8322	8867	5613	6102	4855	9069	9081	6	6405	9176	6410	447	5178	5267	3549	4402	4960	6265	8465	
53	5017	2795	6333	9620	5815	9173	8637	8860	8851	3511	6625	1552	2433	9441	8973	3803	9909	9363	1031	5346	5810	561	5727	8230	6807	4116	8275	6156	8386	5934	6791	1193	8712	9303	7984	567	5960	6269	1721	6362	5904	5420	8317	2110	2072	1490	2126	3629	2464	4210	7078	393	8533	
47	4466	454	7302	5585	7269	7839	9755	730	9595	3738	7674	3051	9810	1729	8651	6432	3837	5265	2449	4656	4818	2686	2478	2856	1694	7431	1593	1924	274	4881	2982	9237	6144	9203	2945	2160	3298	4531	9559	1469	1538	761	6876	5710	8242	1181	3858	
54	7762	8049	2762	9931	9049	532	7712	9132	5370	6470	9854	3912	9	2499	2307	4307	1685	7621	9868	3194	1403	3601	7400	6569	8055	7589	1609	7756	2086	6549	2458	1248	1752	5637	686	6327	8078	4460	5814	3228	6573	4610	4689	9519	6714	6028	4545	93	4724	7283	2895	1399	702	8856	
52	2741	3082	1034	2244	2394	4963	3665	5437	8532	9268	4311	6985	5978	2290	4220	4931	2983	8527	8734	7003	5931	649	8925	9084	515	3976	9832	5587	5408	4583	5788	3776	9226	7894	3743	5663	248	1777	8027	7436	7803	7077	9331	7103	7519	5274	8460	7918	6350	2851	549	8693	
52	9526	8880	3509	4966	6774	6959	3766	6472	9216	8479	2018	3760	8146	5403	9488	5163	3187	335	9102	2691	6162	6911	3395	1101	7660	5317	3456	301	132	3173	2127	2503	4159	7793	418	8785	7	1799	8288	3555	7557	1518	7942	1442	8452	1782	8159	3683	4273	9999	6493	7570	
