29	1566	7427	3756	4701	8566	3331	1575	73	7359	1485	8627	3487	648	8106	5913	9118	8124	2193	5394	8804	2598	8729	3309	7897	6325	7677	937	6038	4347	
32	4467	2921	6190	9538	4951	2472	4976	1677	8442	8620	243	5071	2078	9575	4869	7056	2014	8329	7385	2364	1033	6695	8403	3749	2210	9364	4681	1800	5870	7900	1522	4275	
28	9738	2849	7382	5324	5632	5940	5654	8746	662	5296	4003	6037	6318	3310	8390	2800	318	8534	887	524	8397	7302	293	8179	4287	731	7843	8898	
29	9053	1752	2785	2715	5423	8933	7866	3192	5074	878	9332	7941	600	9217	998	8221	3231	9337	2172	9574	9536	1878	7644	2498	806	4352	4775	7908	6627	
28	9058	2823	4246	5206	1100	4910	7286	466	8460	1370	9973	8191	2080	5122	3344	6078	263	8034	6120	9401	3792	8806	7933	374	6916	3274	1150	9556	
30	9822	9246	5245	450	7253	1124	8714	5229	320	8911	6559	2175	6069	7188	4402	6253	7844	6166	5643	5399	6527	4663	5143	8635	372	1181	2088	1270	4791	9768	
28	6430	3877	2795	8297	4151	7147	5052	107	5769	871	1226	5404	5854	7114	713	2216	5272	6839	8930	4029	3358	5025	4267	3527	8979	6303	8151	2661	
30	8172	1938	6154	5136	1756	4629	6304	3830	9436	4062	2052	933	2520	4601	5994	3495	4125	9077	4847	1471	5034	1569	1455	9004	3219	616	396	6442	503	1289	
29	5371	929	9104	2858	7890	6718	908	6167	7561	6162	1307	360	9780	2720	2682	5800	9421	2445	444	5139	7211	5576	6986	3424	3459	5685	1638	341	7502	
31	2870	4114	2351	1113	1520	6237	9147	8673	1895	7304	203	1557	5442	1972	9367	3920	6170	5331	1366	8674	4464	8570	2347	1859	1086	8770	2844	3779	2516	8240	7260	
29	6056	5588	1568	314	7394	3932	3671	5901	8679	5878	7765	3228	2643	1650	2413	4368	6448	2387	8217	355	7634	5892	6848	9881	4531	4026	6513	764	7577	
29	3187	8502	5613	8399	5115	8699	2966	4304	2608	4524	6163	6824	5547	4153	5441	805	5379	6048	4106	4868	9521	8030	1912	8985	2376	517	9613	1079	8887	
28	5832	9445	7574	3316	9956	9974	5166	7278	5935	9889	9545	6454	5874	1838	5373	131	7889	2690	2726	9171	5858	5715	6981	2626	1115	8228	3868	5644	
27	5254	306	4447	8073	4442	8910	7185	3090	5315	5434	257	4945	8616	6337	2970	254	6940	2700	2259	3736	8485	7602	7094	1881	6435	4097	7368	
29	681	1599	6931	9131	2140	5598	5945	813	1414	674	3715	2320	2062	8931	5847	5427	6742	6607	1632	3056	9195	9105	5339	4336	1470	4702	1385	6371	5320	
26	3016	1824	1196	5965	5668	3623	5307	1542	743	7401	2891	9372	6951	3220	3463	6653	9587	1806	8524	707	9879	4490	4291	2544	2786	4171	
30	719	6257	3911	6935	9120	5210	8913	8488	8876	1248	7409	4443	2946	92	1261	1553	1706	8175	3971	4162	2045	2898	2361	4968	8104	2072	4020	796	7424	1773	
28	4182	2297	8870	6635	961	4716	4053	9989	6218	6084	4533	7596	5600	8148	6698	3740	1973	8444	4899	6880	8287	5445	9557	5725	166	4354	2157	6090	
33	327	1143	1285	5483	4391	4495	3741	7227	3905	1620	6472	6263	5412	1630	5352	2686	5606	9424	3499	1654	8171	8303	9142	8809	2159	1506	3841	6761	7411	4981	9438	119	9827	
28	7674	2517	9037	2263	4046	7845	5022	380	6160	9842	310	331	3382	8787	8288	2047	8113	4972	162	9318	9348	5408	6688	8100	9244	8037	6969	4712	
28	6570	3210	446	6030	8751	6746	572	9350	3711	7651	7328	8437	6192	9552	2888	8210	3193	5655	3029	6834	1155	9945	149	4984	1820	8236	1001	1648	
29	7277	7539	2649	6363	3954	6485	6128	484	5301	525	2943	8907	3284	3390	5027	4637	4112	5174	3615	1733	154	346	9691	7486	5677	7386	501	6498	3386	
32	2038	2996	7494	3339	7798	4476	2236	5478	4673	4745	9499	8325	4032	7983	2998	3807	2845	8095	3047	9103	3327	4763	7956	8021	8430	7498	4255	5795	5734	6960	6598	1635	
32	8141	4574	1348	5794	3524	2555	8954	2838	250	3745	2892	9375	7863	4002	9311	4098	1726	9852	5287	2118	2662	5641	2932	6108	1129	9198	814	9934	2911	3008	2936	6511	
26	2139	1191	281	9522	1554	6255	1750	4950	4193	4785	4782	6510	6063	8338	2015	6106	8425	4742	9009	1355	7567	8393	7477	624	869	5707	
26	820	7794	4259	8778	9076	6421	6280	7891	6744	9451	2989	472	2011	7370	4161	1636	1173	8023	2112	9226	6194	9108	3111	8682	3106	6164	
27	2223	9997	7642	3972	5129	2135	6844	308	4205	9231	9910	2389	3981	3054	4373	1673	7217	9017	6682	8735	9479	9631	2483	640	8018	8272	2804	
32	6975	3902	23	8678	6258	1422	7249	43	2194	290	4898	4223	5694	2019	3061	5943	7700	2945	5150	7447	8800	2458	890	8531	4362	6317	3614	5569	4237	6842	2007	8311	
30	8078	2766	6600	702	6032	8204	7865	3619	1725	8211	5035	9029	2408	4743	6134	9387	6760	4086	3217	4245	1162	4036	8088	3112	6408	2712	9916	1928	9838	3708	
25	9159	5595	7922	9129	4677	2673	5376	356	2654	6586	1085	8020	5075	9616	6768	5357	8016	1273	366	3910	7154	3760	7801	8360	7534	
29	2584	8450	6152	6992	6655	3396	2394	7910	4394	74	7703	7847	1564	3416	7532	3889	6530	1195	608	864	9834	8014	2884	1594	7738	8893	7764	4605	2107	
29	1826	8394	1531	3987	7161	5460	3118	236	3625	7916	8238	4652	8369	2020	3094	643	6365	8087	9624	4653	9199	3935	469	9680	8542	415	769	1653	7936	
25	1434	9417	6482	7985	1562	2221	8834	6902	5406	6276	391	7939	4906	1952	6338	6323	5688	5463	6346	6805	5085	737	9947	4683	8479	
31	577	5336	9202	8003	7232	4636	8991	2129	4083	3532	2230	8623	7873	8604	1056	5962	5104	5731	4509	507	4389	5920	9663	9472	2374	1546	3661	5593	1327	1367	3634	
26	1813	4796	7011	8906	919	5323	8292	7680	5133	1647	8861	4511	5265	533	7758	6050	7961	6020	4863	5684	9539	5660	5805	5926	8589	9343	
28	1711	9498	8134	2012	2323	9874	173	5253	2176	9067	6590	6849	1962	9672	9707	6851	1341	4056	1901	3564	4744	2074	3498	7342	8002	3311	2895	2719	
28	8544	8961	1924	8717	3811	2768	555	3541	6274	1871	59	3298	8821	3584	5450	5972	4421	8707	6689	5778	4285	1475	963	3135	3214	390	3403	7722	
28	3883	90	8903	7707	3266	3242	7751	3882	1020	6856	5327	7007	6129	8901	3102	5248	9070	6054	5602	6605	423	2566	3098	6495	1550	4940	3913	6835	
29	1959	5959	5383	5472	9754	6242	5188	7338	4174	7942	8296	1920	5219	2546	2125	6492	2660	992	6383	6259	8408	1974	3141	7281	5809	1615	836	2587	7264	
28	4115	7297	7173	3044	1890	589	4597	2853	3167	5508	8245	1915	832	2645	8348	1457	1613	2488	5605	8704	1663	5319	1112	2261	6327	9080	9650	6088	
33	3636	2652	1573	330	8052	1776	6822	792	8609	9461	6300	8025	6531	8214	1292	8939	2790	9185	947	6837	4955	6617	1231	5931	7506	7303	9972	7019	892	1939	4590	4037	9604	
29	4768	9850	8592	3201	8471	8281	3997	6978	8458	3481	5314	4720	3456	877	7058	6321	3961	4610	5816	2164	46	9357	5710	6548	8690	3237	6008	2556	4747	
29	3766	9561	8568	915	1275	7151	3716	2468	5303	4025	4289	1082	3825	8558	4985	5330	4317	9617	5487	4865	5927	9512	1026	9331	5016	7705	8658	2273	8932	
27	1717	3235	1779	2430	6753	6007	1302	8004	1096	4440	334	2589	6873	3657	1057	8837	6417	9432	1251	7169	8763	7440	6339	9912	6762	8387	496	
28	4078	9740	7235	6093	3694	4560	7144	2359	2748	9660	6412	4435	6814	8435	5820	6895	2256	2975	7333	9028	8280	7687	3478	6832	6506	5780	2215	8314	
27	3831	4634	3765	9039	9937	2918	2738	689	465	594	7935	8337	3806	4414	635	6334	2806	9779	5676	7913	2089	1031	8192	5275	9927	1739	6017	
28	3709	5325	6200	8049	3323	171	2154	4350	5772	2601	4396	991	3490	2390	3828	3684	8982	8702	9922	3428	6070	9306	2109	6943	205	5621	5877	9700	
30	2234	8085	4989	5938	9811	873	7381	956	4385	9733	5119	8889	2826	7949	6291	2869	8996	7292	1565	1970	6514	9399	3994	8510	8779	6654	3962	1991	5227	9784	
29	1666	3042	3169	5197	3260	4607	9719	9825	5916	5875	3037	3388	2629	54	3127	7308	7739	6998	9169	1450	6863	7710	2676	1528	4971	6619	6920	3138	5240	
30	3155	6791	523	9470	6961	2013	4567	4313	9583	7755	2183	4204	9979	1436	6471	9091	2581	9140	354	3737	6193	7226	7145	8388	1874	5294	9705	9071	1503	3048	
31	5014	534	7120	460	9123	3347	35	33	4478	9853	2788	5407	3330	1166	6693	9280	1936	210	66	4149	6387	4451	8086	725	9610	5234	7551	2170	2306	4714	2565	
28	7590	3704	1339	4824	2633	4314	5682	5587	7163	4413	3545	4818	2502	2092	1308	9232	7514	985	7563	8198	8705	5762	6801	8940	651	9828	1533	3531	
29	526	1312	1186	968	4834	15	3804	2797	4483	833	3670	1988	6025	8038	2617	3401	6282	7630	7585	7943	6589	6131	1362	7480	4798	4682	1446	1678	8351	
29	3922	2156	1893	6623	9806	6556	8500	8873	3724	4647	1215	5803	5367	1401	6072	5485	4094	812	4595	657	3509	506	5380	5582	7107	8792	9388	946	4915	
30	3117	5954	2648	8710	8625	3050	6452	7201	9172	1028	1118	7761	6552	9655	2984	8650	2220	6540	9276	6649	500	6691	7749	284	5657	2927	6988	7004	518	5723	
29	701	94	854	850	3291	5360	7087	6036	2950	9149	9260	7767	1747	6143	8109	9877	802	3890	3162	1757	8064	2356	7658	732	1378	3406	4699	3038	1363	
25	2758	8607	8026	5696	8074	1740	679	9338	4241	3194	322	8509	8254	9830	6512	1625	1075	2628	4283	7252	4741	8146	9991	7654	6172	
28	6808	3171	8977	3259	6444	6379	6427	3803	5900	1256	2647	567	7860	2464	4113	4522	7143	1291	9088	2880	5663	9205	8742	7647	9001	1022	1106	7492	
31	9191	671	352	810	9286	1220	6520	7259	6616	4692	3100	5403	7536	7531	5611	1968	4340	6146	3013	4534	3244	5853	5267	6107	5824	5719	8043	3796	4548	4767	7688	
28	6096	3496	7496	8841	7528	9096	6985	7239	6369	2562	6847	8153	9677	8826	844	1894	4814	1403	8119	9611	9005	5807	5141	6465	5359	41	368	7718	
28	6229	9031	2874	6928	9636	1855	8726	5596	9324	6675	8150	21	2050	4136	3629	7310	2798	2070	8107	9946	2861	4772	5624	8110	3057	6821	1484	1627	
27	1579	9360	4994	8130	7769	4627	8239	2027	7835	753	8976	8722	1418	7692	4148	9483	9419	8626	774	3052	6144	4624	7524	5937	5432	6561	4821	
28	4506	3632	6857	7969	1597	8766	930	6057	5739	6872	8147	545	3695	1892	5577	4240	3109	6678	7826	7420	9176	195	8555	5936	1943	3958	3530	7049	
28	6507	8724	6720	6970	5520	2258	8423	974	8391	997	5080	2534	5718	3616	999	461	1741	7479	3788	3357	9840	7501	2778	1281	4412	637	3829	6413	
31	8858	7613	7397	429	3367	5542	7719	4969	1253	2132	5856	7753	2548	8989	8066	5230	2300	2821	2411	5773	7832	8856	4626	3750	3712	2285	2990	427	8585	4963	3071	
28	6340	8207	1192	7650	5318	7872	2728	980	7097	7727	2948	237	1621	1170	3477	6220	1828	4035	3255	2750	767	2655	25	8058	2749	3101	9403	9982	
30	6423	9589	9951	7230	4195	4192	163	8093	8076	5700	8215	8892	5118	6915	4862	8621	6451	1050	2910	1246	2208	7780	9843	6679	1583	787	7791	9586	5361	2678	
29	7138	6227	4878	8080	2526	1448	1604	2840	4395	5159	9126	2028	7267	8536	198	3026	5026	3571	842	976	3296	5995	7139	5101	4337	1361	9987	8774	1185	
30	2098	9718	5528	502	5387	7543	9590	1593	8828	3785	3742	3035	5291	4215	4829	6439	1832	2653	4305	807	1078	2529	6751	2926	3547	8880	5859	6639	4871	9600	
27	2805	9136	6819	2736	8162	4093	9078	1777	5843	2509	6183	7072	9261	2982	2187	8720	4787	8419	8825	1513	5814	351	9523	2311	574	8548	1864	
29	9168	8669	1556	3278	1178	9241	3573	2613	2415	9363	9857	4147	9411	48	4378	7438	2453	6777	4778	7547	2240	6840	9657	442	9679	3345	1313	3555	592	
28	5835	1247	2836	874	2640	6211	1412	3587	7660	987	8013	4021	2818	1873	4167	7836	4596	1720	7262	1296	1814	7665	783	7220	4584	4437	8062	977	
30	4974	1035	5740	896	9790	1612	1004	926	9203	5413	5124	403	782	6156	1713	2695	3602	3880	8817	4253	7274	5922	5765	2177	4367	6533	3092	5736	1551	4131	
31	586	5645	9117	5345	1809	2578	7715	9504	9571	9986	5969	9274	5192	642	3686	1853	2287	2224	6326	1190	3732	7548	3538	614	1375	3649	8895	2441	8298	2267	6588	
27	3592	3860	6879	2916	2614	5308	6464	7878	8518	5235	2763	9057	6612	231	917	3073	8461	7428	6685	5623	2934	5589	2328	3959	2467	3422	7417	
30	4960	436	4507	8829	8765	5522	3205	6971	4559	3484	2935	8659	6809	2903	1137	7515	2972	9671	9266	7283	4846	5745	622	9063	6478	5402	6503	1369	2456	2994	
25	2150	8440	1066	9669	3275	5348	8478	8993	9976	6999	9739	3585	7238	5590	440	5750	2871	8785	4729	464	3588	7542	8060	7805	5065	
28	3440	8372	2803	9200	3501	3417	5224	3299	1310	3166	3286	2780	133	4011	6100	5479	803	7975	8459	6023	2621	5184	485	6709	240	3161	3918	4789	
28	3387	8383	6046	3462	6278	8992	8958	8553	1081	4124	9793	5281	9464	9902	7044	9312	5567	9920	8767	2831	9313	9608	1869	7713	5950	2985	283	6202	
25	3425	3581	1060	3471	3950	7625	5	6221	3203	9457	4110	8652	686	1280	8149	9359	4700	2087	6827	7067	315	8302	4571	5678	6061	
27	2182	9635	3659	1325	4248	2375	9943	9851	1431	1908	2076	8661	1046	1392	5982	7437	9709	7762	6987	4816	4155	4608	3936	2848	9731	2585	7348	
29	4764	9887	9460	1140	4717	2395	3332	9394	9725	9531	6385	8677	9728	4667	6024	7233	4328	4482	307	1116	9319	2764	8451	8823	1227	5650	1891	2781	7215	
25	13	2583	5475	7458	9899	5867	4356	5861	3313	9689	8691	3730	6414	5971	8139	6110	9901	3140	2102	2784	7583	79	7261	5042	3818	
27	102	4260	1734	5537	4777	4355	184	6312	8588	9921	5292	2463	4813	7184	2312	5154	100	761	7504	2002	8456	7101	6534	7858	9463	9918	4331	
28	2368	804	5041	9646	4	2358	3703	2771	4444	3212	7484	4401	9466	3893	8762	9564	3820	7103	6127	3900	3924	3990	2079	1237	9542	4998	4526	7162	
32	2734	333	9696	1424	271	4311	2752	1794	1243	1904	2435	2039	3835	67	1796	339	7363	214	3641	4555	6938	1884	3964	118	6254	2612	2964	652	5559	2999	4956	2084	
31	9371	3505	5917	5461	879	784	9898	1810	2646	7407	1825	3314	6174	1461	2872	5924	1225	4299	4399	5630	1987	1501	5981	2360	2559	1543	9045	2789	8583	1315	8636	
27	9189	1846	188	6493	7742	629	9229	9439	9990	363	9760	7334	8448	9135	2666	4883	3650	3884	7632	5866	9744	9503	4108	181	852	5513	3808	
31	389	7132	1691	7014	3064	5658	515	5619	6309	4799	8912	5904	2153	5063	1721	7276	1171	9668	3535	3184	8259	549	3843	6158	8716	5342	3710	5280	1136	3870	647	
33	3491	9814	7984	6959	6168	2756	7519	768	3667	4231	6205	200	1242	9917	4565	239	1929	8796	958	4750	9471	8571	875	122	4022	9305	3447	4320	7617	8959	9018	6133	8694	
29	4071	9288	1768	7698	9621	4181	3272	5177	8840	893	4064	7282	907	2354	3942	361	4496	2229	1803	935	3115	1687	9433	2638	9805	8244	340	1345	7907	
27	4052	1512	1365	3302	7279	3122	6727	4358	7869	3565	4564	1618	2121	3944	9666	5648	5081	9567	7093	7959	6081	4173	8622	5560	2819	2444	9354	
28	9014	8366	8356	5109	6681	9165	5670	3243	6553	4864	1688	1023	5497	9824	1358	1416	4129	2425	478	9783	9519	8359	3699	3163	1812	3207	5551	9138	
27	2600	7643	8299	548	40	3953	357	7488	1440	9491	2552	6918	2539	6114	7882	6075	6384	3293	1591	9656	9449	7666	4450	1316	9452	6810	9212	
26	1577	6425	2777	1926	7575	5051	456	901	1427	3336	7000	1319	1829	9547	7378	5295	2173	4499	4781	6047	4848	5091	6784	3583	3366	5561	
30	5482	7030	6664	8885	9384	4165	2053	745	2158	4562	4272	7257	5064	1524	7989	2730	5758	8226	6946	7079	2272	4142	5933	6316	1686	262	4479	6823	6264	2980	
28	78	7511	1807	1442	5724	5499	6359	22	9339	4292	8284	8666	1294	9177	2741	9214	505	2702	2580	2455	6592	4485	4790	4959	3940	8830	2814	6055	
29	3353	9488	8730	6640	3867	8530	1430	675	7768	5168	9317	2931	8159	5200	6484	1453	2462	5989	1480	3397	3221	880	7595	1333	8953	1607	7850	8715	6246	
26	6781	626	4769	9454	6016	3300	9393	6572	5578	8335	4825	2724	861	7167	1496	2708	7813	535	7627	242	5316	1538	6308	556	4585	2681	
32	1179	5266	7313	766	6765	7864	2048	309	795	5167	3520	8723	7816	8047	4873	5579	2973	3461	8713	7236	3378	7070	8301	3861	7197	1374	3157	573	7837	6974	1791	8670	
33	7584	9688	6729	1139	2145	1025	2801	1592	6994	7111	204	8466	546	2370	916	5761	8490	492	7912	4010	8495	8868	6381	2035	139	298	8576	7125	4995	4954	9444	6663	2497	
30	9581	2202	4751	5377	8540	2049	8257	8328	4724	8680	4334	4281	6310	7682	6502	8283	4525	5389	490	967	5094	6642	8427	4326	4666	3734	6266	6955	6656	973	
31	7782	9594	7222	7581	2930	4887	6244	8322	576	1643	4168	9249	7740	376	2882	7018	1887	3319	7425	3822	179	3282	3617	269	2421	7128	3239	7810	587	1350	531	
28	691	4801	8543	7335	4455	2126	147	6522	9848	2274	4929	9839	2495	7288	3152	2315	5242	4070	4853	1284	2471	3823	8739	9032	6159	4643	9995	5921	
29	3511	9868	9685	8083	1260	4530	6859	3427	4641	3110	6954	4295	8446	8807	984	4815	7733	481	3414	6529	4932	3726	4209	8811	7457	8712	5849	2530	5107	
26	152	6578	2693	9984	2253	8615	1055	134	3465	5838	5749	1493	2705	3251	2739	3129	8847	7314	5754	8071	1857	1815	4532	1027	6179	7414	
28	4119	5524	5846	9699	4400	375	7842	630	7960	685	5012	6914	1163	2262	4583	1052	7676	7578	9518	1164	3809	1979	699	5996	2054	6184	870	1596	
29	7324	9447	8017	6620	6504	7621	5693	2762	1836	5502	2083	3892	5699	4430	8007	5191	6930	7218	2929	3773	1230	5165	3053	3627	3084	344	4840	2925	3876	
27	3236	5008	5886	2244	1600	1217	6519	2908	739	7450	1395	7560	6993	4551	6362	1567	5573	9749	562	6852	3542	9034	5459	9030	3030	9296	4184	
28	7080	9764	6610	1148	6516	949	9864	2247	2960	1852	7108	2276	412	2056	4351	9264	2181	248	3973	7685	6923	9605	7228	2537	6068	4674	265	5211	
27	6845	7096	5669	1608	5797	4221	2266	8316	7268	8628	2651	9187	3812	7146	7615	9513	5186	6736	4606	6886	4324	2978	4407	882	5372	3540	9837	
28	7653	2698	5077	5298	4018	6618	5170	8235	2832	6329	4822	2040	2923	799	1451	5531	9046	3088	591	3597	206	5776	4366	730	1288	4556	6587	7911	
27	1048	3492	1491	5675	434	791	7944	9675	1120	1694	3058	1214	2833	628	5299	193	2307	6199	8580	8181	7469	821	8685	6490	8105	4135	1911	
26	5046	7175	256	4937	3	1133	9407	3430	9818	8253	1069	954	2759	7757	2564	9426	9162	3077	5203	8382	1183	6569	9112	5054	7608	1793	
30	7851	9194	7569	7191	9772	9831	1222	9380	7405	4158	5659	2760	1742	3543	4128	8908	3837	1156	4812	7963	3342	7085	2669	9301	3946	1937	4552	4923	6480	2451	
29	6603	8339	4503	3373	1644	2218	704	1784	2679	9798	3813	4519	9116	1321	6026	7099	9196	1272	1495	1265	6571	7293	4613	2694	5946	6059	103	6633	7886	
32	42	6770	2557	3322	60	4784	3881	5506	9415	110	1837	881	6976	3095	1879	557	2225	3512	3960	3222	9532	6372	3270	6101	6541	2294	121	2718	4380	3279	655	819	
27	7633	3247	3460	3903	1398	9115	7327	3651	3156	4691	9720	822	3147	2944	3063	4756	9021	1336	4133	3999	6089	735	6201	3457	7997	224	900	
29	9106	773	9695	1818	1152	7723	4278	9235	8154	7745	1011	4019	3131	709	5840	6544	6483	7126	6977	4493	7964	2733	7594	8169	6248	1626	9535	1697	5269	
31	7828	4754	144	3518	6000	7607	8494	800	4885	9254	7209	6651	2355	2017	6749	4761	6629	8773	5495	9846	5979	6536	2619	8188	7717	9582	2828	7470	4965	7947	5885	
32	3060	8406	3051	8120	9073	5117	9462	6411	6866	9182	2281	1692	8213	9051	9250	2428	1517	938	4570	6039	2271	7550	1343	5449	6917	113	9253	5549	2008	7934	1946	3116	
29	2209	474	9992	2855	8875	5566	2168	1293	5683	3528	4341	8493	3608	38	1172	6701	8422	633	583	7635	7398	7669	1989	9977	7332	453	3074	4235	9307	
28	5057	5097	9075	8890	3139	610	7598	8249	565	51	8760	7824	5411	7344	9430	2753	6104	7410	6789	4269	7113	8772	692	1762	9474	3474	2957	4678	
25	7320	4433	8481	906	8651	9665	80	9327	3637	1548	9072	189	1094	1054	6861	1073	2362	5494	5902	1646	5120	6745	5543	3305	8805	
28	1574	4349	7439	3746	3557	1994	9272	6750	4542	3925	2122	9216	7712	7919	2540	8295	3891	7628	3089	3768	786	2875	1500	6499	2866	9687	8412	7756	
29	2822	1141	2847	9940	653	6027	7513	6747	6328	9442	3262	3315	2857	4835	5073	6741	4080	1088	9405	705	2696	4308	6420	4907	8522	5285	6626	5007	6575	
29	6197	8590	5529	6117	4200	6262	9456	177	468	5384	7352	5137	3010	2683	5752	3067	649	5123	3245	8452	4024	3578	6040	8554	2567	3979	1323	2901	8194	
31	4189	8472	4238	5895	6995	5525	6341	1770	435	1127	9314	8122	8808	9497	1489	2675	1504	4839	9011	3805	2333	5103	748	5735	6909	2383	4416	7413	1601	6189	3642	
31	3423	1125	9743	9592	4573	4788	9599	4134	9949	400	7614	2924	6997	9628	1544	6406	4598	4902	4059	1623	6195	4686	6870	5888	520	7360	5386	4841	9580	2668	9958	
29	445	698	108	3582	7485	3001	5302	3130	4997	995	6191	6449	7312	6457	639	7212	2407	1523	4786	5893	8863	3676	2302	9962	891	491	6332	8879	8909	
28	9180	4830	8492	7724	3992	289	8791	1306	8728	3774	3743	9704	8665	4603	3514	6841	4232	9981	1684	8	6067	3070	9661	9759	4274	2099	8265	4644	
32	7148	3782	1437	7894	3907	1257	1689	7840	1759	7024	6138	7400	223	3303	4288	5540	4737	5056	4085	6759	8496	4208	5788	4558	3613	5341	3752	2214	9143	467	7153	4188	
33	1785	6885	1377	3533	3921	1024	6125	7464	9133	2917	1219	7415	3379	384	5106	2314	5839	9712	733	9066	1224	6967	2490	9234	9715	1110	942	6769	105	2571	3522	1851	9932	
28	7937	3076	8927	9251	2003	5082	2710	4251	789	2802	452	3453	8482	213	693	3343	52	8041	3263	4211	723	114	6139	2812	7770	1464	9555	2480	
30	7318	4473	8121	5966	1862	1964	9752	8421	7375	9648	6473	9308	6989	8857	2606	7792	2704	7853	5827	4492	4654	3142	6004	8173	5190	6631	3354	8918	9330	9154	
26	5777	6687	6231	8234	7980	3091	8463	6230	3229	9983	5417	4578	4776	8732	9323	3552	2754	272	9275	2190	2856	4105	860	5928	3472	9969	
31	8980	7708	1670	8464	1250	8072	5857	1368	9186	4031	3144	2030	4988	2900	8842	1530	5519	1918	2792	244	2127	6297	4013	8157	6273	197	6356	990	3931	2213	2507	
29	1999	1788	4338	7752	6459	1631	1996	4387	5084	5523	373	9110	7059	2685	7150	4417	7924	2484	4752	5977	2787	8738	6501	8955	6660	4913	120	9431	7690	
29	2446	2414	6214	8851	7982	4926	5313	9329	9485	1098	5023	5329	3435	9844	866	8942	2951	2231	8827	2827	4154	5243	1718	894	547	8750	8986	3580	1778	
29	6392	811	2482	273	4227	970	5138	2574	5760	5568	7387	55	3269	6426	1606	8843	2174	7624	853	6165	9550	3688	9667	638	8596	9094	5915	1235	6787	
31	1134	625	554	6871	7020	6113	221	7412	6286	6547	5704	4728	5834	3449	1774	920	8759	381	2246	772	8703	6525	7904	1658	2336	5819	4936	1705	9869	5897	4625	
28	1572	286	7529	2305	1737	3755	7691	150	8441	7330	5601	7082	2699	9389	57	8990	6802	1789	6958	5061	9341	7092	9819	6086	8409	7008	6142	8618	
30	156	6440	8267	9243	5889	9506	3855	6177	397	1998	3500	5687	9815	3982	9434	2560	1535	6953	1950	8300	5697	9938	7905	2340	6797	8845	31	451	3059	8385	
28	8090	3258	1700	8063	504	4722	5759	7927	943	7955	3606	5428	2551	6706	4676	3409	1611	9726	1043	4233	3725	5225	4884	5536	2105	8574	6830	1177	
29	2993	6461	1675	4156	1373	2591	5053	1007	620	5592	359	9179	6082	7043	3941	7271	1927	2663	1656	9801	5620	3497	142	5305	3948	1209	6305	2031	2630	
26	5876	7833	27	3333	676	6677	208	2096	6538	4388	3398	8878	4410	5072	9598	6302	5631	4202	2997	7821	6825	8633	1790	5711	6161	1397	
30	175	4671	8227	5112	7367	4001	8957	5218	8377	111	4833	6672	2188	3121	6829	7088	1736	8133	2839	3714	2023	6071	3200	1586	7354	1287	4762	7926	7996	1766	
26	9435	9440	5149	5156	6407	3380	7870	1340	3429	1304	5597	7525	6728	8279	1598	2309	7433	3012	6401	7827	9377	8836	859	6377	5698	277	
26	3153	6557	1805	9378	3744	4639	7896	9554	5382	5584	4689	3136	1458	367	2466	5205	2022	5625	5363	8010	9620	1518	617	8092	4594	7364	
30	1769	405	6294	3698	1053	7176	6112	106	8398	1259	7522	4882	6763	6908	9996	8168	9674	3125	5799	829	4939	2377	7967	6293	1947	5747	7002	4586	5836	7527	
28	1111	1925	7115	5113	6509	3707	9258	590	5457	2983	2511	3546	8347	3415	4723	6743	4656	4557	8186	9693	945	4620	607	5629	8516	4592	4502	2659	
27	7995	6671	5865	9702	5726	5201	2232	2846	413	8562	1097	8601	9344	4614	5899	7783	5929	921	9210	5381	1337	7121	6929	5609	4540	4063	6479	
28	9601	3265	4060	7648	4249	1441	1238	7981	2707	7135	9593	8507	9365	5808	4855	7124	6714	5810	6853	5047	9271	765	1731	4042	5110	6074	3769	7272	
28	8220	4759	6245	9042	3702	5949	8320	2794	3777	2286	6252	4823	6206	2632	1667	2527	2432	8116	8199	913	8361	770	1311	1254	4820	8501	9100	447	
26	2586	1833	4122	9966	7177	4942	9184	8263	7580	3863	76	9309	9792	9207	2185	2419	8082	9641	1335	4849	5217	4850	7970	4895	6542	9941	
31	2440	5679	7229	4797	417	9224	9484	81	3854	3341	3683	1872	5420	2316	8963	539	278	5037	1931	6734	3690	6896	7497	3673	18	3729	196	2487	3956	6173	4087	
28	4466	5673	7015	5942	6756	5244	4408	4302	4282	2674	1609	5142	3277	292	259	8915	6624	2034	6353	2113	5572	5563	8275	349	3727	5633	9767	5562	
31	4172	8854	1817	3128	5545	2940	2141	3411	9540	1342	2289	5355	8988	532	3631	7157	838	8860	2200	755	5431	4928	668	8521	2284	2197	4688	2501	3404	7315	3227	
32	9392	5062	4662	7251	9459	7026	4144	9097	1854	3182	7629	4726	2100	9871	6719	3700	5114	8129	9209	2447	7208	454	1755	5145	7452	9903	3045	251	8077	2143	2296	5255	
27	8598	7901	3856	1014	3762	2401	7065	8000	7374	8131	7423	71	7346	3180	4970	5464	9530	6333	7269	9486	8706	5337	8241	4695	8270	3857	8009	
29	6669	9957	928	2573	8193	7603	3949	5223	2318	4888	5311	1182	1371	8185	7702	9931	7778	303	4604	6937	9114	9374	7601	8749	6013	7804	788	1665	969	
27	8044	1130	551	1860	3620	1969	6299	6615	1532	9835	6707	4547	6272	9290	3895	6526	4987	827	6109	2987	8112	1958	5256	6755	5029	7471	3232	
29	1408	5837	4944	7516	5999	5990	8454	9059	4306	8573	9821	2066	2576	7859	6453	1511	297	1640	3539	776	2486	4075	6489	9572	4228	5491	6947	6647	6051	
30	6261	6021	4794	191	8949	404	7957	2920	975	7046	1749	1867	8855	2404	4943	6433	1114	8319	4924	7051	728	542	4912	4505	6907	9208	3120	9866	126	7234	
30	9543	5241	487	3306	5680	6816	1245	8506	9267	135	7037	3273	1695	8371	337	9122	3869	7823	5060	3372	2543	7182	1318	5665	399	9148	4600	953	4708	3082	
27	9988	7918	2604	9933	5116	4152	2677	7777	5862	3176	715	5770	9490	9008	1070	611	9560	7273	2639	7971	7250	6771	983	77	378	7362	1868	
29	5634	9727	3027	3682	1758	2167	964	1174	9994	5879	8358	9812	1389	2842	1091	5716	9757	7248	9528	9316	9386	8069	1843	8127	5017	5985	5430	3664	8470	
30	9151	482	9492	6150	1380	1236	7467	1802	358	2055	8008	7377	8591	7104	8140	3525	8975	8758	4609	9511	763	6934	3862	3257	3208	6932	3668	7965	8964	9895	
28	5262	2332	2459	462	6322	682	4487	2525	3304	2835	3986	5791	8332	8761	9794	1858	2133	9758	7325	329	9402	7389	8323	9025	1798	145	2016	3517	
26	4935	2864	5898	8872	5448	1588	8006	8920	9289	1360	5169	1126	3778	7893	6565	9427	5672	3252	5626	29	6560	9221	8803	2268	7178	5738	
28	3873	8128	8286	4006	5005	4393	3783	3644	2161	7671	7131	4316	2859	4045	1409	3370	5013	17	2988	7366	6118	1782	4783	2667	1428	5970	7806	1154	
32	9141	3075	4066	3937	3149	2239	8663	3019	6764	1193	1269	1000	6213	8142	8630	6380	8764	6009	7210	3473	6900	3475	136	1570	3996	8535	1305	7090	4698	8978	6650	5517	
32	3039	5454	4967	9662	2069	1410	3295	5868	8594	7349	8001	720	7661	8917	6862	1244	3034	6438	3574	5957	7732	9566	2081	988	296	3995	8606	1279	6673	4353	7533	4300	
30	9155	8835	2954	6699	2506	1239	8634	3556	530	8700	1189	1585	7459	1870	1885	5356	6403	3824	1955	7041	7825	7254	2443	3838	5615	486	9320	2291	1399	9741	
28	4616	2496	9361	477	2479	3851	8754	4116	420	6708	1526	584	1459	406	3028	5202	1469	325	7684	4330	7034	6636	8929	5538	6169	8290	7747	5453	
35	3448	8315	159	8971	7060	1505	294	1095	8285	6212	1549	3648	5781	7776	9247	3975	6780	7588	3786	7558	5199	226	5246	2665	7403	2816	5328	2162	1997	9020	1981	5586	8070	7854	5690	
28	9111	4303	5476	7744	5968	9963	164	7541	8042	1092	5018	7701	1188	9299	9050	222	241	4826	5891	1357	1514	5140	5702	8247	3355	5374	6898	7456	
27	1386	7487	7183	1051	1465	2519	8968	141	9658	1233	5963	8145	9414	1905	7656	9810	7999	9929	6140	6373	8102	9450	9082	2308	2902	9697	4576	
28	8849	3482	2524	540	1267	2339	8012	4315	261	8944	3402	8844	7025	3894	2060	7932	8233	7582	4711	9265	1953	932	4905	5907	8487	2620	2582	6422	
28	2851	7781	2152	4650	2906	7430	9467	1322	6436	619	6225	1709	1919	5451	5015	245	7307	8519	508	2222	8888	6593	8203	8708	12	9293	6235	2155	
28	3145	4757	4217	7790	1674	3040	5176	8974	2243	7950	1206	1176	58	7725	5737	2290	9998	631	165	364	1481	4979	4593	5196	4561	7174	2879	1921	
28	7849	187	8896	656	4480	3036	1521	3420	8469	3078	3055	2044	4074	751	5662	4893	2128	2344	3738	8354	9146	8160	2063	8736	9064	7852	8307	7796	
29	2922	8698	726	61	7295	5783	8050	3871	1012	2179	6268	3494	6378	6878	3441	7033	6924	324	7350	7095	7057	3526	2199	7734	4381	5032	6722	2956	3767	
30	8019	3827	8523	7694	9884	2212	8966	2642	2433	1477	1683	3146	7830	1490	6176	7557	5095	2130	3253	483	4513	1159	7920	8962	714	581	6798	9161	1212	7641	
28	1965	7216	7979	2293	6313	3733	2298	3513	2937	1680	7925	4266	9068	5720	6846	112	4321	7357	8098	7	9603	695	4746	1393	1015	3970	5365	5638	
28	9340	3693	8624	4715	8418	1865	5512	3320	4665	9127	4212	1144	5909	7431	4424	5076	386	7231	8947	7640	2958	160	4296	5009	5173	5398	8402	3504	
30	2635	1808	5326	3361	5914	1499	627	8526	7347	2489	1602	4684	3392	8721	4382	4371	9823	7803	7570	2402	8692	7786	7311	7073	5521	2691	6972	3985	8514	2504	
28	6613	5831	8546	4632	350	8584	6500	9406	4190	7455	8668	4375	109	9002	5270	6539	1047	6877	7189	9676	5087	155	8075	4733	8637	3421	7921	9204	
28	207	2607	5069	2195	4655	6794	6990	3934	3675	9090	6085	6721	9800	3888	8031	7155	7353	8643	9614	3624	4449	1527	3998	8695	3607	2380	8167	7207	
30	8232	3720	3119	8850	6475	5855	721	2346	3103	9781	7062	1799	8605	6684	6591	3896	9734	302	4372	8473	5089	1966	6209	2491	3015	516	9164	1875	7655	470	
30	6042	2198	68	8547	663	7773	6658	9753	3185	1089	9690	8089	9703	9300	8639	305	6545	9659	4261	4861	1379	6095	4427	3374	9878	2942	2119	7474	8096	4361	
30	9714	2086	49	9559	3845	7149	2450	3234	4679	3797	2887	7404	345	8925	3609	2549	1122	6396	1502	1563	7646	3793	6477	9036	8818	3800	6360	3083	2968	419	
29	6330	4773	5349	9268	4286	393	1917	5748	7105	8499	9964	1303	7001	8675	2251	4845	8242	8333	7064	847	3189	9849	3352	8567	253	1655	3218	6390	1445	
28	9049	2146	1425	3701	7929	9052	4250	385	7592	6584	168	8189	9158	2761	4332	9630	9262	3276	5468	9125	9062	3165	7619	7306	2269	4811	9358	7460	
27	3815	5532	7689	5553	9397	7952	4298	1888	4264	3850	4657	4952	9303	8094	5220	9681	494	5825	7168	4429	9493	6903	2796	7711	3451	9645	3554	
31	6599	2603	2717	9446	5973	4458	3763	421	304	2429	9880	2843	6256	7305	9412	5405	9081	3723	3605	6963	9345	5111	7565	4755	7445	8556	218	480	578	3444	519	
31	8709	1831	328	9755	8613	4009	4858	7393	8645	5146	9056	7195	5811	1044	1661	3747	7069	6726	471	8429	4886	9578	8557	217	5300	5764	9134	8225	2829	2528	2423	
27	9321	9443	1842	2	4710	4983	690	6793	925	392	5096	1003	8426	4448	7102	5622	1169	6249	7373	7571	6391	8905	7074	4973	6311	5712	1690	
30	8346	7337	2890	8431	8745	9515	7158	7538	3558	7045	569	4914	510	9160	6228	623	4819	7994	6739	1058	8869	9137	2461	8922	5515	3859	47	4827	5050	1990	
25	9861	7704	8118	4529	785	5125	6419	4247	8655	5964	1320	4919	522	1866	1536	4946	5617	148	5321	885	1372	1877	3663	4962	1651	
28	8786	3181	9747	9304	4219	952	7086	2644	1944	1797	9562	2426	5828	1701	2171	8597	7564	5447	3885	8056	4670	5421	9638	3655	7618	2776	5789	2217	
29	4891	2830	3503	5908	659	4697	9537	5446	9084	9270	5530	2120	1262	2082	6398	95	86	6204	8155	4023	1992	4234	267	7048	2095	6532	4793	8443	7559	
28	993	6668	9913	3679	5333	9629	4076	6099	9362	7468	6860	7091	2325	3834	6735	6892	8560	3400	4645	3569	7716	9245	7895	4510	4196	9778	7861	6806	
28	7576	6319	7611	6748	1659	62	7605	5556	6331	323	7243	1723	1034	3622	1452	5956	183	9534	3638	104	7454	7600	2437	1108	6366	7214	7537	9799	
28	3123	8364	2442	9128	1210	9489	402	4880	1132	1849	9654	2852	4180	7258	9729	8599	650	801	7573	6549	5414	1529	9201	2046	5261	6028	6952	2436	
30	9888	7855	7448	3005	9190	7728	8970	2331	6186	1883	7503	300	3795	9455	5732	5546	211	1710	5444	5283	7451	3977	5571	6577	2779	9113	6776	7194	9404	3595	
27	9351	7639	1704	8833	8549	3443	3151	6979	194	1676	3280	2178	4428	3246	568	274	830	5651	1006	4333	5004	4651	7287	2721	8987	282	9527	
27	4904	8246	3833	4802	9967	1681	1198	2313	4758	4900	9420	6574	3434	4376	3317	7035	8190	6628	3007	1844	1388	4342	1978	8846	9748	4707	4329	
26	5552	687	4239	8950	5574	7721	5435	1167	4370	1218	7466	8455	4343	4779	7556	1537	9156	4359	3789	4920	1019	5873	8747	3173	6564	2518	
25	4804	8657	2599	5585	3267	541	8642	1545	9526	3290	9736	2981	9716	4027	3085	8271	4837	6285	1478	6455	7714	1834	9563	6496	3570	
28	7678	9328	4392	6595	69	7109	2036	8381	4273	8641	7812	5509	8413	9458	2114	700	8373	5539	3325	3852	246	8664	4569	7799	9865	1263	1672	6279	
28	4469	2813	1417	931	238	8865	3281	5496	1671	4293	3839	8814	1068	418	5755	285	3776	3566	1090	1922	8065	2865	7972	2862	4947	5591	2634	3748	
32	6428	45	4753	9157	7402	7552	8936	3722	3486	7240	9006	3105	4374	7076	4992	9501	9923	9673	6518	1732	4572	1087	3365	5743	1202	9101	809	2104	749	7246	7593	5273	
25	8404	9584	3385	9095	7436	1042	3079	2322	4831	8330	6460	4658	6811	4160	3753	4434	56	4541	4649	3338	9652	1479	621	4058	7899	
33	6812	3209	1956	7309	2769	338	9391	7800	4048	5401	8593	7802	5289	5259	777	2424	1488	6180	7365	5385	7495	3466	9746	7193	3739	1331	7461	4993	3930	4517	2357	7066	6906	
27	724	1040	2205	2535	3238	6779	2637	2499	2624	615	4856	6893	6773	683	6670	1391	414	840	1823	7940	8881	6239	2618	2510	3308	2532	2783	
26	395	8983	3640	2965	4933	132	8532	5439	8477	1104	4687	9906	1467	7831	8498	299	538	2592	7797	6196	2503	6141	192	2881	5717	1993	
27	666	3775	4067	9079	1123	1229	2745	9954	7664	4497	6813	7388	2967	4120	2979	5001	8291	3751	7434	8411	876	3438	2248	4346	1105	8619	6065	
31	9413	8545	5941	3618	5171	2201	3836	9961	7296	841	6567	5055	972	353	8824	4132	1406	1662	3470	9040	716	759	4441	1561	7686	712	2250	7746	3197	7371	3188	
28	9215	3179	9756	9891	5263	5896	7668	941	8897	1411	6277	1419	2808	5282	2977	922	1819	5187	1910	342	1065	1703	543	2991	4877	9765	7568	960	
26	1764	9591	667	5181	2912	2057	9565	9619	1317	4857	301	2033	7077	4277	7499	7881	6443	1400	3787	5753	752	7517	8376	6881	4832	4978	
26	6950	596	8170	7638	9416	4175	5796	8737	5274	9153	1861	2148	5691	4199	4146	64	7848	5616	1902	4121	5686	44	9347	2123	2561	6091	
29	7186	3579	9930	9175	1462	8368	9533	5277	8794	8862	2255	5852	4423	8378	9325	4438	5003	5841	9239	4876	1200	8229	9623	2454	4615	5548	8744	6942	1199	
26	1466	5492	3643	8438	1241	3847	2136	252	2689	4489	9664	2004	4918	6147	6594	8867	180	5708	4725	6116	7512	6076	3014	3168	3872	3006	
27	3216	6982	6265	7449	5910	6123	5368	6652	2303	2558	1349	9993	8956	2235	3646	8578	9507	5493	5733	2515	9775	7301	6	2627	8484	8539	7540	
30	9475	8033	6198	7256	6785	8400	3126	5182	5610	2770	9107	4938	2009	6609	6354	865	9694	3175	9197	8310	4860	9516	4073	6517	5286	889	7508	5787	5021	5392	
27	3590	3025	9820	8586	4386	4104	4015	190	431	8067	3553	564	7846	1352	1145	7075	2714	8587	1748	4731	2605	317	8433	2422	3601	8640	9163	
34	3160	2854	8039	4397	8125	6416	2304	2186	8439	9856	9585	6738	7693	2722	7472	7811	8734	3879	1482	7171	3939	5541	6965	8984	3550	201	1617	9193	6431	4271	6358	3467	9544	5987	
24	8407	5049	544	9130	2352	8711	7880	5183	2280	1899	6115	32	7053	7750	9653	8973	658	8719	9514	9022	6828	575	3202	1508	
33	7662	2713	3899	3264	5829	5144	4096	3297	6854	8904	7610	1724	3515	6456	5894	8886	2032	2326	5239	4143	8331	4159	6568	5264	3133	823	4705	5527	4384	8353	5930	212	7649	
29	3516	4661	4236	1036	7976	4084	4030	2622	4621	8251	1326	1039	7473	6287	4344	6178	7620	7953	1382	618	8684	8525	7444	146	9602	1714	8164	3024	6546	
29	7245	3384	4166	6864	8261	4587	4514	5424	4465	5821	3362	3407	7838	3771	2615	96	9999	2321	8997	7507	579	6733	312	3081	6324	6818	6667	2807	537	
27	2711	5564	3268	2664	9773	8410	2531	2470	3215	1301	7071	140	3011	6345	264	1616	3068	1702	1394	9206	4176	3426	3909	3906	3349	8216	2894	
26	746	3104	5984	3324	6815	3346	6446	2207	1980	2928	9750	1102	2342	6226	8401	5884	8367	176	7530	3521	828	9069	1975	7817	696	711	
24	4611	6956	7031	4535	1429	6966	7110	794	1679	3794	2382	7300	918	7587	8497	1240	9896	944	7263	1841	3369	2523	8784	202	
27	7760	4568	9632	5456	2137	1203	117	4079	7875	4101	228	9	9326	3897	7737	5692	2625	9911	3178	2196	7892	5039	8520	9788	2616	4345	8465	
28	8995	4581	7793	276	7323	3536	1138	9546	4089	4348	7038	6210	5818	9769	6006	4177	8276	398	1624	8208	1476	9225	9335	455	8081	8024	7294	7917	
27	1587	4922	8952	2042	7579	678	4307	3647	5369	6690	4504	6434	5198	6945	2010	5268	7622	4704	8563	3485	6034	7657	7857	566	2572	5002	233	
28	2672	1271	1037	1421	1985	1787	4795	9395	4017	5189	5279	2124	924	3132	4213	3213	4470	5212	6528	4508	7736	5932	4150	2976	6203	5667	3901	9510	
29	4523	957	5756	598	6283	6292	1804	8517	8182	4638	3364	8294	6882	7005	1771	8362	7888	4244	6476	9294	7874	3223	8449	4908	2398	2093	5526	4422	6596	
30	493	601	6683	563	3735	6912	3917	8577	3770	3254	6188	4921	7928	4379	6137	5426	6119	5958	2492	2131	6875	1356	3413	3572	808	4061	6573	9383	5178	5674	
28	295	7136	5939	1816	5310	2746	899	6817	793	3887	734	8260	8813	986	9256	5695	9893	536	8671	260	1605	7140	5785	6260	1396	2907	9847	3143	
31	9858	612	9441	5881	1745	3764	9708	6731	1898	3654	6715	8943	3356	6298	6399	8135	4258	1876	5806	8491	4357	347	9926	8342	4409	4039	7521	3148	2594	9882	2338	
27	9282	8447	6003	7992	8176	2410	4889	9634	1435	4591	7990	3464	3377	3108	388	1848	8396	4187	1180	6031	137	8852	8802	5813	7435	2493	6441	
29	3190	7609	1062	4481	4279	6410	3186	3033	8646	670	5070	2986	5290	858	4090	5067	5409	1383	8029	5415	8161	8612	5250	1669	3848	2731	5729	6524	6843	
28	1187	2554	9804	9263	3049	2868	3821	6515	7336	1460	7340	7290	7265	449	3204	8269	8138	8662	4007	3691	6355	4999	6011	2275	7951	5317	9015	1637	
28	660	280	4765	1772	9150	4005	9302	185	9310	1897	5175	3721	5306	512	369	8614	5252	1338	5458	4854	6855	9569	7052	1266	65	7729	7322	6121	
28	7426	1030	1712	4870	7084	1515	6622	5157	1657	8262	1986	2897	7247	6508	7493	9098	3113	1213	2460	8795	6984	7137	5649	2751	8994	2041	3334	3399	
29	2452	7343	5653	7244	8053	3283	7572	8365	9495	1121	4736	8617	4290	5689	4546	5346	6223	834	2029	5078	7255	8357	9167	8084	4961	8559	448	6240	2791	
29	3183	835	5160	7946	6250	1080	6481	5637	4953	4500	5793	872	6646	2817	5727	4335	7081	3594	4439	4982	8136	8853	8045	3450	6181	3072	2431	6865	4964	
29	1641	6897	4766	5127	6563	1923	6551	8718	1767	5100	5222	2522	1329	1880	1128	4602	8355	4800	6487	8608	6043	1775	1107	3577	8788	1765	2716	4516	6537	
29	6638	3665	3534	6463	432	2166	5706	4566	8036	5425	5238	1754	6368	729	270	4538	3359	4498	6555	7170	7266	8202	4319	7868	7544	4580	287	9109	6614	
25	654	8152	665	5128	2747	4082	6826	9762	9425	7036	527	6601	4925	5786	2658	1906	1652	4405	4203	8209	3947	9074	6415	8941	4418	
30	2381	9942	1909	9408	6790	9322	4694	3348	2541	8783	6185	5550	609	9279	831	9453	3250	955	5236	6058	1101	1157	1381	4000	7998	1728	5344	3328	7885	8392	
27	1415	2365	5031	9606	2144	8924	3170	1839	3908	9087	7429	2811	559	4488	3301	904	8921	6604	1234	5221	9342	7616	6041	8891	6737	5204	5033	
30	7822	846	3656	7331	2570	82	7180	4553	6105	9183	8349	550	1207	9529	4456	5817	5132	4139	7834	6712	1903	9711	1534	2588	5728	6222	7166	6883	7978	5666	
25	2378	8504	4808	9735	4817	9745	2310	848	9548	9908	5661	8278	1914	2006	2631	8196	8420	3945	5469	5544	6774	9886	6704	9003	8816	
28	2417	5944	5209	4091	5826	2024	4137	4874	5045	1708	7554	4081	7948	3137	7221	9509	3549	3097	3032	8163	2117	8902	3842	7463	8195	371	7165	3952	
28	377	1330	1590	7442	5251	343	760	6874	8638	8511	5647	8832	855	3983	7013	14	756	1286	6469	9026	4536	3023	6289	9524	9099	8928	6149	7774	
25	5919	1492	910	3099	4123	53	703	2242	9240	7078	313	7122	9809	387	4617	7012	3978	2740	8313	1201	1463	6926	9576	7938	4875	
27	8595	8432	6402	7867	8697	4183	209	2961	7462	5983	5249	3368	4420	1063	7779	7898	1346	3371	9897	433	9859	3224	1930	5864	7968	6094	3021	
28	9925	553	8503	8273	5086	4903	4377	2064	3865	4095	9500	2412	4425	6772	2278	6807	9487	7127	5194	6458	8998	5155	6053	9277	7164	7726	936	411	
29	4141	1942	5334	3312	2037	5258	3292	8727	2409	5312	8874	8603	5906	2656	4930	4226	4072	3639	2227	9429	9639	8428	5019	826	9953	7788	5471	8743	9643	
28	8725	2563	8934	3598	5612	9625	1076	7028	8649	1555	6697	9482	9855	5974	8384	1552	6111	7829	7225	1940	1945	3561	2824	37	20	8582	2969	6730	
33	6933	4322	7006	2793	3519	6910	8701	3114	499	8005	4263	3508	6171	5701	3124	1847	2893	5842	7795	5741	5340	8839	1649	8059	2438	5792	2434	7289	9579	6029	950	7270	3107	
28	4065	9826	8797	7699	6869	4252	1009	2238	7317	2457	4383	9228	9233	6757	9252	3599	6306	4103	6083	2449	4041	5011	661	3493	1629	4512	4111	4659	
30	3233	3551	6151	7384	4050	215	232	8569	5010	4545	1519	8877	4990	9007	8775	7696	2348	1456	7129	2420	9965	4528	4242	9508	1786	1474	439	7789	6269	4690	
31	602	3832	9257	5247	3442	3731	9477	5163	6535	8289	5397	5440	2116	3819	1223	8489	8223	7626	9776	7879	1850	1432	2317	4265	1347	5882	9023	3226	5216	7399	6301	
31	5604	1204	5608	747	5207	5416	167	8564	7369	7202	7784	9771	1002	6098	3360	7321	4157	3672	7159	4310	2319	6505	8656	6243	3626	2025	8174	8117	321	8768	5823	
29	7914	5557	6778	4436	2914	158	5058	7988	1821	9178	4140	8505	9651	7242	153	4207	6621	5628	7141	742	1384	4484	186	754	717	4619	7319	2386	694	
28	962	1359	2000	9352	9612	593	7408	7915	2142	9885	6233	4243	3563	6429	8883	4365	4549	7500	4191	9597	5271	1699	6899	235	6637	6320	9724	6216	
30	1753	6597	128	2396	8820	9678	2439	851	5639	425	1083	83	7766	8231	6388	8255	3096	8610	4051	588	6792	2473	3976	6608	3591	2883	2533	4680	5481	2367	
30	9960	1468	8027	4957	3455	740	3669	4452	6550	1610	6666	6705	9862	8899	7663	2151	9400	4843	4836	9083	727	7818	6281	6659	9924	3196	4735	1727	4881	6135	
30	5703	7871	6889	6284	2085	1913	1131	4472	4185	4432	5036	6145	3635	1761	6450	7200	2727	8414	905	1582	1696	6342	2545	1716	2478	2834	3289	2481	8819	7341	
27	4398	2090	336	8282	1907	6554	9955	2774	8848	7390	8689	1228	6585	2743	4669	1886	4780	4911	488	3230	8126	1005	2427	6833	172	3468	3375	
28	5030	5555	6092	9816	8681	8111	6919	219	2513	7068	5395	9287	7973	585	1221	335	3432	1743	3337	8340	458	9369	1017	8197	7156	5375	8180	6491	
31	3968	3991	8919	2767	3757	8293	8790	9437	5278	2955	9970	6238	5438	5993	6716	9024	5652	2110	5098	599	6035	2742	2773	7902	2896	7119	2094	4872	9829	4419	9478	
31	8561	2335	5511	2399	7986	605	489	7379	4589	6740	5068	886	3548	4612	7809	9959	669	3927	4738	5498	6775	5335	4225	7862	7465	8243	1454	6867	2670	5410	4539	
29	8946	5388	7695	3476	1390	8178	8572	383	5763	9035	798	8512	5093	99	3458	775	9553	7133	3761	3966	3087	2392	2065	2211	9041	5918	1916	1268	9481	
28	6543	4996	7481	2353	5705	1760	7526	1433	1064	2947	3791	2913	3241	4713	5006	758	3799	3790	4719	1510	1438	708	6661	7683	6447	7553	3062	7775	
25	3452	2005	1278	9139	4867	5580	3904	6236	4363	4544	7785	9278	6996	30	5627	7181	3031	3445	4216	9086	7224	3066	9633	4197	3285	
27	3363	862	4390	5134	3150	1283	606	4550	7931	7670	7284	3817	1698	1483	8137	5477	407	9596	3248	7446	6080	7754	5812	9698	3816	2810	2103	
25	688	8969	2963	5713	6049	4828	8581	3678	7291	4844	7443	9845	6696	8972	247	7003	348	6700	1072	9789	948	6136	9423	8771	6625	
29	570	4980	9336	5185	3172	2343	2279	5863	1258	3780	5975	5429	7039	5347	8686	580	7199	5505	5614	9480	6788	7535	2579	1443	8672	2703	4461	966	7187	
29	7735	1896	7358	4917	2815	2775	9494	771	4672	5570	4958	5951	5083	6018	7509	7130	3211	2593	595	646	9944	6662	2363	9637	6713	3993	5161	4897	8753	
30	4852	839	5462	8327	684	6634	3604	5510	1074	868	8755	5905	3321	1498	4851	5565	9295	4706	3621	8380	9132	1232	3154	8363	4138	7478	5948	2075	3080	7010	
28	5370	4474	9366	34	16	9273	8884	8417	7489	2542	6800	1045	2878	125	1719	7763	2292	3046	9985	6803	7198	6066	6579	2405	5391	2448	1540	5473	
30	3198	5967	6890	8733	2841	5883	9238	7356	8476	332	4732	4582	2465	1314	604	7196	4033	3004	2270	8054	6132	8405	3864	8252	9181	9713	1634	9152	7555	722	
28	5955	3878	1751	1976	1059	5102	4730	6395	1299	6944	6296	4792	4130	7958	6941	157	5214	2889	6758	7476	9807	8091	3002	3713	1119	2915	5284	6207	
29	7883	3628	5721	4909	6073	408	4069	1194	409	5059	5309	6367	5782	1507	4312	2949	9297	6288	7285	4879	5871	8923	8308	3510	8782	2189	7772	5681	7326	
29	2636	275	1746	2971	7116	9721	319	6409	4630	3784	2799	560	4696	7118	1963	6462	9292	1376	1941	2596	8312	2366	6370	9950	8032	5466	3653	9841	6576	
31	3288	8143	6234	2051	3610	2018	5353	3480	3158	5028	718	7906	4284	8115	6060	3446	4280	8370	4453	9701	6949	9102	3689	7055	3586	6335	6251	8660	9723	561	8629	
34	9670	8103	7047	8166	7219	3612	8277	8462	1344	7675	87	8206	161	9952	8035	4986	1146	2077	6786	7673	4406	4404	9730	438	4554	4709	8508	5180	5158	4459	843	24	9968	2494	
27	3249	3562	7720	2418	5534	6005	1547	8256	3086	6820	9092	5108	7298	6692	815	514	9717	3408	8379	7372	6290	4012	8777	2505	8731	7123	4014	
30	4049	6497	4169	7351	8445	9915	2391	7054	3544	1971	6033	6674	9370	1642	9060	9876	3576	1763	5131	6087	3000	151	9468	50	441	8219	5231	3840	5851	9346	
31	7759	5455	5130	3575	6155	6382	5860	7637	5228	6215	1603	5976	2068	6582	5869	8015	895	2324	2219	1161	762	5980	1729	959	6467	8838	4927	1509	8305	5845	4771	
28	8644	8205	7042	1560	7482	2992	5351	3858	1882	6630	5297	3431	6948	4294	965	8688	7206	1581	8230	6894	4563	11	5599	8515	2706	5257	9607	9914	
26	9211	6347	1407	422	3009	3318	6643	1149	5822	1516	5488	6386	673	9935	4477	5790	4043	9928	4301	410	8344	9948	6022	3041	6157	5044	
27	5260	6130	9890	7395	4896	5400	4628	2782	1420	3912	6795	4941	9218	909	3271	5730	6466	9706	7241	1949	9013	2553	1685	2709	8011	8132	3810	
29	750	7787	8781	6936	1961	2138	5925	2744	2680	4055	5514	4047	7432	225	8334	6208	5804	5378	6884	744	5636	2641	3593	6583	4721	4297	7100	1071	1738	
26	3611	2241	4099	9751	1639	1932	7993	7419	1158	2610	9833	8864	234	2108	1013	3419	9016	1332	9684	7659	7523	1404	9422	1184	362	7652	
28	2265	6001	4318	2350	571	6580	9803	939	2021	9044	9220	5474	199	3174	680	2372	3814	5419	7083	7814	7954	4463	4222	6921	9398	2400	7422	2149	
32	9832	7418	2091	3681	2512	1835	6102	8693	5671	5433	4734	4194	3989	9281	8967	5890	1744	2204	9609	9047	6962	5043	97	3965	3874	8079	1628	3706	509	9774	4866	9802	
26	8948	4660	9019	9033	8108	91	3489	9808	6606	9173	258	6352	8436	4230	5880	2299	4991	5607	4210	7376	6838	7280	1486	3719	6217	1298	
31	558	5583	1205	8324	229	2101	7299	8022	7316	6523	7190	5304	1444	2416	3003	9588	6350	8960	4118	912	326	9269	4859	3022	6782	7730	8165	7029	8187	5991	7887	
30	3875	2191	5934	9732	6275	5066	2106	3326	1730	2061	1423	5350	8815	7237	4749	5135	9355	5746	5040	1780	4894	3915	3093	4537	7987	1580	7050	951	7697	124	
27	8653	1021	1822	6351	1264	971	8264	7142	8123	7815	1309	644	4092	9381	2237	8529	6400	3718	5164	129	6723	632	7453	8981	3697	4339	5486	
29	9054	5503	3383	5516	5436	1093	93	4004	2919	2260	3955	5162	3759	5504	4471	4727	9525	9551	5038	9085	8457	1324	2476	316	9291	2264	8776	1473	9192	
24	1595	4068	4415	1795	9909	9795	8812	3069	8602	6648	4179	3974	5947	6432	8336	8304	5362	5961	8789	2953	8533	127	2059	2623	
29	5500	6980	5903	479	1863	979	2609	1541	5343	5603	6927	1405	249	1249	8780	3418	884	2684	2602	3916	1334	9333	897	1277	6717	5276	5507	1559	8395	
28	5535	9227	1049	5020	1282	0	5887	8486	9919	4127	8611	3926	863	7586	2508	4838	6724	9626	6314	2277	9682	6602	9766	3988	2385	1801	8945	7063	
29	2995	1109	7606	1067	3866	5226	9761	1276	3479	996	8389	4577	2373	911	6187	7112	4276	2283	5642	5422	5986	9230	1722	5872	7520	2203	9904	3633	98	
26	3256	9248	498	3350	2147	1300	7392	5293	2735	8350	9618	4748	6611	9409	6315	6336	6957	5338	6126	7204	6911	4646	9476	2959	4268	511	
26	4107	457	3919	9640	9027	6710	6295	5090	4579	7672	5332	7623	1664	8999	8757	8156	3666	3017	9541	8474	898	6887	1576	9863	8374	5988	
30	5801	8654	7329	130	4622	7383	6868	9356	9622	8914	4588	1290	3191	4892	3705	5048	9390	3677	4623	6124	1619	2688	4445	6241	978	6002	1967	9971	1954	9577	
31	7545	5771	2933	9817	3412	2295	6437	5390	902	1032	9093	1622	6224	2397	7589	2500	4633	6904	1977	8321	424	9237	4668	4102	5518	8648	3943	6052	2371	3159	5208	
29	1387	8415	9797	6374	1016	7361	4642	4521	7743	3603	778	1933	8938	2165	5767	169	1840	1351	923	2650	8212	3523	5992	9905	4008	7518	8416	9188	2611	
26	2765	4170	3781	9520	8266	2301	6752	8793	2538	4431	9502	8801	4599	5664	1494	1439	6079	1578	72	4491	5364	7339	5232	426	9615	6732	
27	6424	2163	4805	3630	5997	1558	4309	6389	9854	4262	7009	2577	6836	3437	2692	8866	1252	4206	3206	5452	1328	4038	1957	9642	8916	3957	75	
26	1660	5195	9219	8250	4486	4454	2001	4163	9012	3846	5024	2657	3692	903	2568	2886	463	2180	1208	7490	6077	8935	677	9573	9410	6804	
30	2820	4760	1539	416	7636	2755	7416	6348	4323	6393	3018	6344	4040	8222	7549	1856	7172	645	1845	1084	6468	5656	4462	6799	818	4411	7930	7631	9860	6014	
27	7566	8434	4214	6983	837	7016	9055	311	4325	8224	123	6665	6375	8475	7909	1117	6725	3433	9000	6122	5437	1811	1682	6901	5960	5953	849	
27	9692	7421	2860	706	6566	8831	3439	1354	5802	2595	7275	3488	989	2837	4934	8480	6232	8822	6913	1982	1497	1061	856	7106	6404	4635	85	
27	8468	8513	817	1715	7022	4975	9936	2403	4527	4201	7213	5830	3199	914	7681	9683	1216	2192	8048	7017	1447	3559	1449	8218	6271	8631	2254	
27	816	528	4803	3410	6876	8798	4809	2233	4520	3507	6581	7884	5581	5443	2475	2043	5393	268	672	7819	9048	5088	9686	8343	5215	2850	1099	
30	8099	9038	3772	9787	9785	3177	2701	8201	1707	9737	2909	8859	116	603	1135	3389	1571	6905	2026	2974	6349	9373	8951	3483	88	634	6783	8317	9782	2288	
28	9213	7380	2384	5148	7679	4948	174	7483	6097	2590	2184	8248	3502	3801	6968	5484	1781	3329	2941	6064	5722	9722	10	4360	2329	5774	8268	697	
30	9742	3929	89	4966	9777	473	365	8741	4575	2071	2725	7355	3454	115	3685	3393	1413	2226	6850	5554	1426	9396	867	1827	1900	9170	2514	4890	2249	4901	
26	5354	8177	1983	9385	4126	5714	3335	1735	6562	4931	8055	7645	6486	2671	6644	3376	6964	7098	3933	9259	6702	4631	497	5844	3381	4977	
30	9872	2550	552	288	1197	2873	6703	6470	230	1668	3506	5480	4100	710	8341	5646	7546	6494	4842	6247	28	797	6694	3351	7807	8061	6397	9786	5470	582	
28	138	4949	6888	6474	779	8937	216	5850	1525	8528	7876	521	39	9043	178	8871	5978	6376	1645	370	3967	1008	4810	4270	9353	2737	5418	9770	
27	5465	8183	8565	4034	443	9242	513	7748	4229	9376	9368	1589	1934	1147	5833	1353	9119	613	3728	5288	9298	9496	2732	7923	4224	5635	2406	
29	934	5233	9166	2228	9627	220	7117	3984	8274	5322	4028	3134	8345	382	5775	4693	2327	9465	9875	4770	8600	1274	6858	9124	7192	2904	7966	845	8696	
30	9284	476	4088	2469	3696	4739	5126	1487	5784	3802	5121	2474	3798	1029	6175	981	101	9647	6939	6307	3395	4675	9379	2160	2115	7152	9505	3826	2134	4916	
27	4077	1038	736	3844	9907	7406	7441	437	6015	8258	1889	2825	394	9010	2939	3287	4740	4648	7027	5099	8467	8965	2962	3717	5092	9349	7134	
28	5798	6796	2876	4186	9549	6267	2687	4117	9883	4774	1960	5848	664	8882	2757	2245	4054	9174	4618	6219	8748	4426	1995	9900	7223	3645	7841	6405	
30	8097	3240	9791	6754	2252	8237	6766	9223	3195	4446	790	84	529	6010	2369	2206	3928	1584	9144	495	4198	1041	8326	4468	8527	9285	7856	2349	8683	5193	
30	8057	5147	2772	8386	9236	6925	6922	1165	1160	36	9870	8894	7706	5998	5766	428	9334	982	2697	2521	5923	6645	1018	5709	6103	8810	940	1255	4685	7820	
29	8551	5467	7475	3914	9382	6767	5912	6686	927	4457	5490	2867	1402	8752	9796	4109	9469	6343	9473	7160	1077	3307	5358	1633	2885	6012	5618	5779	9558	
28	8579	4543	5237	780	6657	4703	2337	4044	6364	7345	5000	7877	6182	7491	9570	2341	7808	4475	5179	7599	7391	3469	459	857	3938	1295	9873	6148	
28	6488	8740	5153	9836	4718	8375	9939	5757	7709	4178	8144	8352	7962	1830	8051	8667	3596	7510	9644	4220	2575	2597	7505	2938	2067	824	3529	6632	
24	6891	1364	5815	291	7667	7061	888	7597	5366	1168	3020	430	8926	8028	6045	6394	3969	8676	2729	8306	7741	4257	6680	9418	
29	7205	227	5751	6445	9980	2569	6676	2536	4145	597	2547	8769	3923	1103	475	1783	6521	2111	2899	8537	3600	6831	9649	2905	3687	9517	7089	4254	2388	
27	8453	4057	3560	6973	3898	7203	5742	4640	8309	5533	5768	8538	4218	5152	8550	5594	7591	7023	3394	401	5172	8632	4369	7991	2345	825	8799	
33	8424	9145	7179	5952	9568	4327	5151	8575	3537	5079	6361	2477	8483	2097	7771	9222	3065	9763	3674	379	255	5640	2723	19	2073	757	1297	9978	7604	6153	3758	4256	3436	
25	6062	2169	3405	5744	9315	5911	1693	7032	4515	1948	9448	3853	3567	1	7040	4806	1984	8101	9061	2282	9065	641	4518	5489	4364	
29	3660	2863	4494	182	26	1175	3680	2058	2334	8687	8040	4460	741	3849	3568	3963	3886	8158	3261	6270	6641	3294	4403	7977	4664	7396	7731	7839	8114	
30	4501	4807	1614	3391	8046	3225	1151	9975	5105	1792	6357	5501	636	781	6044	9595	8200	2485	2379	9867	6558	3658	7562	5575	2393	9710	3652	1211	2952	63	
28	1472	994	5213	170	3164	7974	9121	9892	8541	3340	8318	8552	2877	7612	6418	3662	3043	8900	4016	6019	1153	5558	9813	1951	8068	1010	7903	9255	
28	8184	2330	3951	9428	738	8756	883	5396	266	6711	70	9089	1935	143	1142	9283	6991	4164	3754	279	7945	3980	8647	2257	9894	3589	2809	7021	
